xrun(64): 18.09-s011: (c) Copyright 1995-2019 Cadence Design Systems, Inc.
TOOL:	xrun(64)	18.09-s011: Started on Nov 21, 2023 at 13:37:11 CST
xrun
	-64bit
	-gui
	-access r
	verilog_CPU/rtl/RF.v
	verilog_CPU/rtl/hardfloat/addRecFN.v
	verilog_CPU/rtl/hardfloat/compareRecFN.v
	verilog_CPU/rtl/hardfloat/fNToRecFN.v
	verilog_CPU/rtl/hardfloat/HardFloat_primitives.v
	verilog_CPU/rtl/hardfloat/HardFloat_specialize.v
	verilog_CPU/rtl/hardfloat/recFNToIN.v
	verilog_CPU/rtl/hardfloat/recFNToFN.v
	verilog_CPU/rtl/hardfloat/mulRecFN.v
	verilog_CPU/rtl/hardfloat/HardFloat_rawFN.v
	verilog_CPU/rtl/hardfloat/isSigNaNRecFN.v
	verilog_CPU/rtl/hardfloat/iNToRecFN.v
	verilog_CPU/rtl/hardfloat/divSqrtRecFN_small.v
	verilog_CPU/rtl/Core.v
	verilog_CPU/rtl/InstrDecoder.v
	verilog_CPU/rtl/IntALU.v
	verilog_CPU/rtl/Load.v
	verilog_CPU/rtl/AGU.v
	verilog_CPU/rtl/StoreAGU.v
	verilog_CPU/rtl/ProgramCounter.v
	verilog_CPU/rtl/Rename.v
	verilog_CPU/rtl/FPU.v
	verilog_CPU/rtl/FDiv.v
	verilog_CPU/rtl/FMul.v
	verilog_CPU/rtl/ROB.v
	verilog_CPU/rtl/BranchPredictor.v
	verilog_CPU/rtl/IndirectBranchPredictor.v
	verilog_CPU/rtl/LoadBuffer.v
	verilog_CPU/rtl/StoreQueue.v
	verilog_CPU/rtl/Multiply.v
	verilog_CPU/rtl/Divide.v
	verilog_CPU/rtl/ControlRegs.v
	verilog_CPU/rtl/PopCnt.v
	verilog_CPU/rtl/LZCnt.v
	verilog_CPU/rtl/BranchSelector.v
	verilog_CPU/rtl/PreDecode.v
	verilog_CPU/rtl/RenameTable.v
	verilog_CPU/rtl/TagBuffer.v
	verilog_CPU/rtl/IssueQueue.v
	verilog_CPU/rtl/CacheController.v
	verilog_CPU/rtl/PCFile.v
	verilog_CPU/rtl/LoadStoreUnit.v
	verilog_CPU/rtl/TageTable.v
	verilog_CPU/rtl/TagePredictor.v
	verilog_CPU/rtl/BranchTargetBuffer.v
	verilog_CPU/rtl/ICacheTable.v
	verilog_CPU/rtl/BranchPredictionTable.v
	verilog_CPU/rtl/ReturnStack.v
file: verilog_CPU/rtl/RF.v
	module worklib.RF:v
		errors: 0, warnings: 0
file: verilog_CPU/rtl/hardfloat/addRecFN.v
	module worklib.addRecFNToRaw:v
		errors: 0, warnings: 0
	module worklib.addRecFN:v
		errors: 0, warnings: 0
file: verilog_CPU/rtl/hardfloat/compareRecFN.v
	module worklib.compareRecFN:v
		errors: 0, warnings: 0
file: verilog_CPU/rtl/hardfloat/fNToRecFN.v
	module worklib.fNToRecFN:v
		errors: 0, warnings: 0
file: verilog_CPU/rtl/hardfloat/HardFloat_primitives.v
	module worklib.reverse:v
		errors: 0, warnings: 0
	module worklib.lowMaskHiLo:v
		errors: 0, warnings: 0
	module worklib.lowMaskLoHi:v
		errors: 0, warnings: 0
	module worklib.countLeadingZeros:v
		errors: 0, warnings: 0
	module worklib.compressBy2:v
		errors: 0, warnings: 0
	module worklib.compressBy4:v
		errors: 0, warnings: 0
file: verilog_CPU/rtl/hardfloat/HardFloat_specialize.v
	module worklib.iNFromException:v
		errors: 0, warnings: 0
file: verilog_CPU/rtl/hardfloat/recFNToIN.v
	module worklib.recFNToIN:v
		errors: 0, warnings: 0
file: verilog_CPU/rtl/hardfloat/recFNToFN.v
	module worklib.recFNToFN:v
		errors: 0, warnings: 0
file: verilog_CPU/rtl/hardfloat/mulRecFN.v
	module worklib.mulRecFNToFullRaw:v
		errors: 0, warnings: 0
	module worklib.mulRecFNToRaw:v
		errors: 0, warnings: 0
	module worklib.mulRecFN:v
		errors: 0, warnings: 0
file: verilog_CPU/rtl/hardfloat/HardFloat_rawFN.v
	module worklib.recFNToRawFN:v
		errors: 0, warnings: 0
	module worklib.roundAnyRawFNToRecFN:v
		errors: 0, warnings: 0
	module worklib.roundRawFNToRecFN:v
		errors: 0, warnings: 0
file: verilog_CPU/rtl/hardfloat/isSigNaNRecFN.v
	module worklib.isSigNaNRecFN:v
		errors: 0, warnings: 0
file: verilog_CPU/rtl/hardfloat/iNToRecFN.v
	module worklib.iNToRawFN:v
		errors: 0, warnings: 0
	module worklib.iNToRecFN:v
		errors: 0, warnings: 0
file: verilog_CPU/rtl/hardfloat/divSqrtRecFN_small.v
	module worklib.divSqrtRecFNToRaw_small:v
		errors: 0, warnings: 0
	module worklib.divSqrtRecFN_small:v
		errors: 0, warnings: 0
file: verilog_CPU/rtl/Core.v
	module worklib.Core:v
		errors: 0, warnings: 0
file: verilog_CPU/rtl/InstrDecoder.v
	module worklib.InstrDecoder:v
		errors: 0, warnings: 0
file: verilog_CPU/rtl/IntALU.v
	module worklib.IntALU:v
		errors: 0, warnings: 0
file: verilog_CPU/rtl/Load.v
	module worklib.Load:v
		errors: 0, warnings: 0
file: verilog_CPU/rtl/AGU.v
	module worklib.AGU:v
		errors: 0, warnings: 0
file: verilog_CPU/rtl/StoreAGU.v
	module worklib.StoreAGU:v
		errors: 0, warnings: 0
file: verilog_CPU/rtl/ProgramCounter.v
	module worklib.ProgramCounter:v
		errors: 0, warnings: 0
file: verilog_CPU/rtl/Rename.v
	module worklib.Rename:v
		errors: 0, warnings: 0
file: verilog_CPU/rtl/FPU.v
	module worklib.FPU:v
		errors: 0, warnings: 0
file: verilog_CPU/rtl/FDiv.v
	module worklib.FDiv:v
		errors: 0, warnings: 0
file: verilog_CPU/rtl/FMul.v
	module worklib.FMul:v
		errors: 0, warnings: 0
file: verilog_CPU/rtl/ROB.v
	module worklib.ROB:v
		errors: 0, warnings: 0
file: verilog_CPU/rtl/BranchPredictor.v
	module worklib.BranchPredictor:v
		errors: 0, warnings: 0
file: verilog_CPU/rtl/IndirectBranchPredictor.v
	module worklib.IndirectBranchPredictor:v
		errors: 0, warnings: 0
file: verilog_CPU/rtl/LoadBuffer.v
	module worklib.LoadBuffer:v
		errors: 0, warnings: 0
file: verilog_CPU/rtl/StoreQueue.v
	module worklib.StoreQueue:v
		errors: 0, warnings: 0
file: verilog_CPU/rtl/Multiply.v
	module worklib.Multiply:v
		errors: 0, warnings: 0
file: verilog_CPU/rtl/Divide.v
	module worklib.Divide:v
		errors: 0, warnings: 0
file: verilog_CPU/rtl/ControlRegs.v
	module worklib.ControlRegs:v
		errors: 0, warnings: 0
file: verilog_CPU/rtl/PopCnt.v
	module worklib.PopCnt:v
		errors: 0, warnings: 0
file: verilog_CPU/rtl/LZCnt.v
	module worklib.LZCnt:v
		errors: 0, warnings: 0
file: verilog_CPU/rtl/BranchSelector.v
	module worklib.BranchSelector:v
		errors: 0, warnings: 0
file: verilog_CPU/rtl/PreDecode.v
	module worklib.PreDecode:v
		errors: 0, warnings: 0
file: verilog_CPU/rtl/RenameTable.v
	module worklib.RenameTable:v
		errors: 0, warnings: 0
file: verilog_CPU/rtl/TagBuffer.v
	module worklib.TagBuffer:v
		errors: 0, warnings: 0
file: verilog_CPU/rtl/IssueQueue.v
	module worklib.IssueQueue:v
		errors: 0, warnings: 0
file: verilog_CPU/rtl/CacheController.v
	module worklib.CacheController:v
		errors: 0, warnings: 0
file: verilog_CPU/rtl/PCFile.v
	module worklib.PCFile:v
		errors: 0, warnings: 0
file: verilog_CPU/rtl/LoadStoreUnit.v
	module worklib.LoadStoreUnit:v
		errors: 0, warnings: 0
file: verilog_CPU/rtl/TageTable.v
	module worklib.TageTable:v
		errors: 0, warnings: 0
file: verilog_CPU/rtl/TagePredictor.v
	module worklib.TagePredictor:v
		errors: 0, warnings: 0
file: verilog_CPU/rtl/BranchTargetBuffer.v
	module worklib.BranchTargetBuffer:v
		errors: 0, warnings: 0
file: verilog_CPU/rtl/ICacheTable.v
	module worklib.ICacheTable:v
		errors: 0, warnings: 0
file: verilog_CPU/rtl/BranchPredictionTable.v
	module worklib.BranchPredictionTable:v
		errors: 0, warnings: 0
file: verilog_CPU/rtl/ReturnStack.v
	module worklib.ReturnStack:v
		errors: 0, warnings: 0
		Caching library 'worklib' ....... Done
	Elaborating the design hierarchy:
	IntALU ialu1(
	           |
xmelab: *W,CUVWSP (./verilog_CPU/rtl/Core.v,633|12): 1 output port was not connected:
xmelab: (./verilog_CPU/rtl/IntALU.v,9): OUT_wbReq

	Top level design units:
		mulRecFNToFullRaw
		Core
	Building instance overlay tables: .......
							OUT_uop[100-:32] <= {{32 - IMM_BITS {1'b0}}, queue[i][IMM_BITS + 68-:((IMM_BITS + 68) >= 69 ? IMM_BITS + 0 : 70 - (IMM_BITS + 68))]};
							                         |
xmelab: *W,ZROMCW (./verilog_CPU/rtl/IssueQueue.v,140|32): Zero multiple concatenation multiplier, treated as zero width by enclosing concatenation.
							OUT_uop[100-:32] <= {{32 - IMM_BITS {1'b0}}, queue[i][IMM_BITS + 68-:((IMM_BITS + 68) >= 69 ? IMM_BITS + 0 : 70 - (IMM_BITS + 68))]};
							                         |
xmelab: *W,ZROMCW (./verilog_CPU/rtl/IssueQueue.v,140|32): Zero multiple concatenation multiplier, treated as zero width by enclosing concatenation.
............. Done
	Generating native compiled code:
		worklib.ControlRegs:v <0x287a7a6d>
			streams:  29, words: 19297
		worklib.ROB:v <0x05a26a50>
			streams:  59, words: 87842
		worklib.divSqrtRecFNToRaw_small:v <0x23cee270>
			streams:  22, words: 10025
		worklib.FDiv:v <0x02fc028d>
			streams:  17, words:  8851
		worklib.lowMaskLoHi:v <0x6f064754>
			streams:   2, words:   712
		worklib.roundAnyRawFNToRecFN:v <0x10e400ee>
			streams:  23, words:  8601
		worklib.mulRecFNToRaw:v <0x2f5a4fa7>
			streams:   5, words:   936
		worklib.mulRecFN:v <0x28fd1a40>
			streams:   0, words:     0
		worklib.FMul:v <0x169bc223>
			streams:  14, words:  6360
		worklib.Multiply:v <0x2d27cdc5>
			streams:  34, words: 22815
		worklib.LoadStoreUnit:v <0x24f2a05a>
			streams:  10, words: 13978
		worklib.StoreQueue:v <0x0d48e9d8>
			streams:  31, words: 25771
		worklib.LoadBuffer:v <0x023a526b>
			streams:  17, words: 22721
		worklib.StoreAGU:v <0x4c361281>
			streams:  55, words: 34472
		worklib.AGU:v <0x6825d524>
			streams:  40, words: 23727
		worklib.CacheController:v <0x283029d5>
			streams:  69, words: 50142
		worklib.recFNToFN:v <0x5e309b81>
			streams:   5, words:  1851
		worklib.roundAnyRawFNToRecFN:v <0x2b8c0bf9>
			streams:  22, words:  7523
		worklib.lowMaskHiLo:v <0x3bca4b43>
			streams:   2, words:   399
		worklib.addRecFNToRaw:v <0x62027d6e>
			streams:  29, words:  7840
		worklib.addRecFN:v <0x0310229f>
			streams:   0, words:     0
		worklib.roundAnyRawFNToRecFN:v <0x6d49cd82>
			streams:  22, words:  7509
		worklib.iNToRawFN:v <0x1f81554a>
			streams:   6, words:  1660
		worklib.iNToRecFN:v <0x72330ea9>
			streams:   1, words:   433
		worklib.iNFromException:v <0x7817ea98>
			streams:   1, words:   170
		worklib.recFNToIN:v <0x2917165e>
			streams:  16, words:  6025
		worklib.isSigNaNRecFN:v <0x4269e7e0>
			streams:   2, words:   327
		worklib.recFNToRawFN:v <0x512f84ad>
			streams:   4, words:  1194
		worklib.compareRecFN:v <0x3865bf3c>
			streams:   4, words:   796
		worklib.fNToRecFN:v <0x68cdfd65>
			streams:   9, words:  2757
		worklib.FPU:v <0x0b148444>
			streams:  27, words: 14052
		worklib.Divide:v <0x656605ea>
			streams:  25, words: 15639
		worklib.PopCnt:v <0x4863c056>
			streams:   1, words:  6117
		worklib.LZCnt:v <0x33a05868>
			streams:   1, words: 11201
		worklib.IntALU:v <0x6f085ad6>
			streams:  57, words: 45055
		worklib.Load:v <0x4e72e89b>
			streams:  43, words: 76983
		worklib.RF:v <0x2a7c7bc2>
			streams:   6, words:  5438
		worklib.IssueQueue:v <0x1ea17f41>
			streams:   9, words: 41634
		worklib.IssueQueue:v <0x336beda2>
			streams:   9, words: 39816
		worklib.IssueQueue:v <0x4a7febe9>
			streams:   9, words: 40340
		worklib.IssueQueue:v <0x64f3bbff>
			streams:   9, words: 40323
		worklib.TagBuffer:v <0x0c9f77c9>
			streams:  15, words: 16841
		worklib.RenameTable:v <0x4eb455fd>
			streams:  15, words: 22239
		worklib.Rename:v <0x25af4749>
			streams:  25, words: 89501
		worklib.ReturnStack:v <0x75b17c3b>
			streams:   3, words:  2285
		worklib.InstrDecoder:v <0x79f9af61>
			streams:   7, words: 61029
		worklib.PreDecode:v <0x05fa89ce>
			streams:  24, words: 30932
		worklib.IndirectBranchPredictor:v <0x1f13398c>
			streams:   2, words:  1193
		worklib.TageTable:v <0x204e5a4d>
			streams:  13, words: 10591
		worklib.BranchPredictionTable:v <0x35dfb9b2>
			streams:   4, words:  2530
		worklib.BranchTargetBuffer:v <0x50f2e019>
			streams:  18, words: 42701
		worklib.BranchPredictor:v <0x07984532>
			streams:  13, words:  4765
		worklib.ICacheTable:v <0x0c5a0206>
			streams:  17, words: 11460
		worklib.PCFile:v <0x7e13e553>
			streams:   3, words:  3981
		worklib.ProgramCounter:v <0x5019595b>
			streams:  17, words: 37217
		worklib.BranchSelector:v <0x0f55d533>
			streams:   4, words: 18612
		worklib.Core:v <0x1937d73e>
			streams:  62, words: 17472
		worklib.isSigNaNRecFN:v <0x22d7b5c5>
			streams:   2, words:   315
		worklib.recFNToRawFN:v <0x1a40a5a4>
			streams:   4, words:  1137
		worklib.mulRecFNToFullRaw:v <0x2d207c1f>
			streams:   4, words:   578
		worklib.TagePredictor:v <0x60e8e2f2>
			streams:  12, words:  8314
		worklib.reverse:v <0x5c1a170f>
			streams:   1, words:   165
		worklib.countLeadingZeros:v <0x7782bfb2>
			streams:  35, words: 13022
		worklib.compressBy2:v <0x45e8e451>
			streams:  13, words:  2182
		worklib.reverse:v <0x442f3670>
			streams:   1, words:   171
		worklib.countLeadingZeros:v <0x2d7a5c88>
			streams:  16, words:  4492
		worklib.compressBy4:v <0x1fd2d1b5>
			streams:   7, words:  1168
		worklib.reverse:v <0x6409c441>
			streams:   1, words:   165
		worklib.reverse:v <0x4c4da3d1>
			streams:   1, words:   165
		worklib.countLeadingZeros:v <0x4d32a02c>
			streams:  26, words:  7522
		worklib.reverse:v <0x75bf8024>
			streams:   1, words:   165
	Building instance specific data structures.
	Loading native compiled code:     .................... Done
	Design hierarchy summary:
		                Instances  Unique
		Modules:              119      60
		Registers:            510     388
		Scalar wires:         938       -
		Expanded wires:      3045      45
		Vectored wires:       610       -
		Always blocks:         99      81
		Initial blocks:         2       1
		Cont. assignments:    824     323
		Pseudo assignments:    98      87
	Writing initial simulation snapshot: worklib.mulRecFNToFullRaw:v

-------------------------------------
Relinquished control to SimVision...
xcelium> 
xcelium> source /vol/cadence2018/XCELIUM1809/tools/xcelium/files/xmsimrc
xcelium> ^C
xcelium> exit
TOOL:	xrun(64)	18.09-s011: Exiting on Nov 21, 2023 at 13:38:21 CST  (total: 00:01:10)
