#! /home/ece393/tools/bin/vvp -v
:ivl_version "13.0 (devel)" "(s20221226-331-g77d7f0b8f)";
:ivl_delay_selection "TYPICAL";
:vpi_time_precision + 0;
:vpi_module "/home/ece393/tools/lib/ivl/system.vpi";
:vpi_module "/home/ece393/tools/lib/ivl/vhdl_sys.vpi";
:vpi_module "/home/ece393/tools/lib/ivl/vhdl_textio.vpi";
:vpi_module "/home/ece393/tools/lib/ivl/v2005_math.vpi";
:vpi_module "/home/ece393/tools/lib/ivl/va_math.vpi";
S_0x17a4d20 .scope module, "tcm_mem" "tcm_mem" 2 2;
 .timescale 0 0;
    .port_info 0 /INPUT 1 "clk_i";
    .port_info 1 /INPUT 1 "rst_i";
    .port_info 2 /INPUT 1 "mem_i_rd_i";
    .port_info 3 /INPUT 1 "mem_i_flush_i";
    .port_info 4 /INPUT 1 "mem_i_invalidate_i";
    .port_info 5 /INPUT 32 "mem_i_pc_i";
    .port_info 6 /INPUT 32 "mem_d_addr_i";
    .port_info 7 /INPUT 32 "mem_d_data_wr_i";
    .port_info 8 /INPUT 1 "mem_d_rd_i";
    .port_info 9 /INPUT 4 "mem_d_wr_i";
    .port_info 10 /INPUT 1 "mem_d_cacheable_i";
    .port_info 11 /INPUT 11 "mem_d_req_tag_i";
    .port_info 12 /INPUT 1 "mem_d_invalidate_i";
    .port_info 13 /INPUT 1 "mem_d_writeback_i";
    .port_info 14 /INPUT 1 "mem_d_flush_i";
    .port_info 15 /OUTPUT 1 "mem_i_accept_o";
    .port_info 16 /OUTPUT 1 "mem_i_valid_o";
    .port_info 17 /OUTPUT 1 "mem_i_error_o";
    .port_info 18 /OUTPUT 64 "mem_i_inst_o";
    .port_info 19 /OUTPUT 32 "mem_d_data_rd_o";
    .port_info 20 /OUTPUT 1 "mem_d_accept_o";
    .port_info 21 /OUTPUT 1 "mem_d_ack_o";
    .port_info 22 /OUTPUT 1 "mem_d_error_o";
    .port_info 23 /OUTPUT 11 "mem_d_resp_tag_o";
L_0x17a6650 .functor BUFZ 1, v0x17c8240_0, C4<0>, C4<0>, C4<0>;
L_0x17a6b20 .functor BUFZ 1, v0x17c6dc0_0, C4<0>, C4<0>, C4<0>;
L_0x17a7790 .functor BUFZ 11, v0x17c77b0_0, C4<00000000000>, C4<00000000000>, C4<00000000000>;
L_0x7fbc4a0641c8 .functor BUFT 1, C4<0000>, C4<0>, C4<0>, C4<0>;
v0x17c61f0_0 .net/2u *"_ivl_16", 3 0, L_0x7fbc4a0641c8;  1 drivers
v0x17c62f0_0 .net *"_ivl_18", 7 0, L_0x17d8c80;  1 drivers
L_0x7fbc4a064210 .functor BUFT 1, C4<0000>, C4<0>, C4<0>, C4<0>;
v0x17c63d0_0 .net/2u *"_ivl_20", 3 0, L_0x7fbc4a064210;  1 drivers
v0x17c6490_0 .net *"_ivl_22", 7 0, L_0x17d8dd0;  1 drivers
L_0x7fbc4a064258 .functor BUFT 1, C4<00000000000000000000000000000000>, C4<0>, C4<0>, C4<0>;
v0x17c6570_0 .net/2u *"_ivl_28", 31 0, L_0x7fbc4a064258;  1 drivers
v0x17c66a0_0 .net *"_ivl_30", 63 0, L_0x17d9230;  1 drivers
L_0x7fbc4a0642a0 .functor BUFT 1, C4<00000000000000000000000000000000>, C4<0>, C4<0>, C4<0>;
v0x17c6780_0 .net/2u *"_ivl_32", 31 0, L_0x7fbc4a0642a0;  1 drivers
v0x17c6860_0 .net *"_ivl_34", 63 0, L_0x17d92d0;  1 drivers
v0x17c6940_0 .net *"_ivl_49", 31 0, L_0x17d9660;  1 drivers
v0x17c6a20_0 .net *"_ivl_51", 31 0, L_0x17d97e0;  1 drivers
o0x7fbc4a0ad0d8 .functor BUFZ 1, C4<z>; HiZ drive
v0x17c6b00_0 .net "clk_i", 0 0, o0x7fbc4a0ad0d8;  0 drivers
v0x17c6ba0_0 .net "data_r_w", 63 0, v0x17c54a0_0;  1 drivers
L_0x7fbc4a0643c0 .functor BUFT 1, C4<1>, C4<0>, C4<0>, C4<0>;
v0x17c6c60_0 .net "mem_d_accept_o", 0 0, L_0x7fbc4a0643c0;  1 drivers
v0x17c6d00_0 .net "mem_d_ack_o", 0 0, L_0x17a6b20;  1 drivers
v0x17c6dc0_0 .var "mem_d_ack_q", 0 0;
o0x7fbc4a0ad9d8 .functor BUFZ 32, C4<zzzzzzzzzzzzzzzzzzzzzzzzzzzzzzzz>; HiZ drive
v0x17c6e80_0 .net "mem_d_addr_i", 31 0, o0x7fbc4a0ad9d8;  0 drivers
o0x7fbc4a0ada08 .functor BUFZ 1, C4<z>; HiZ drive
v0x17c6f60_0 .net "mem_d_cacheable_i", 0 0, o0x7fbc4a0ada08;  0 drivers
v0x17c7130_0 .net "mem_d_data_rd_o", 31 0, L_0x17d9880;  1 drivers
o0x7fbc4a0ada68 .functor BUFZ 32, C4<zzzzzzzzzzzzzzzzzzzzzzzzzzzzzzzz>; HiZ drive
v0x17c7210_0 .net "mem_d_data_wr_i", 31 0, o0x7fbc4a0ada68;  0 drivers
L_0x7fbc4a064378 .functor BUFT 1, C4<0>, C4<0>, C4<0>, C4<0>;
v0x17c72f0_0 .net "mem_d_error_o", 0 0, L_0x7fbc4a064378;  1 drivers
o0x7fbc4a0adac8 .functor BUFZ 1, C4<z>; HiZ drive
v0x17c73b0_0 .net "mem_d_flush_i", 0 0, o0x7fbc4a0adac8;  0 drivers
o0x7fbc4a0adaf8 .functor BUFZ 1, C4<z>; HiZ drive
v0x17c7470_0 .net "mem_d_invalidate_i", 0 0, o0x7fbc4a0adaf8;  0 drivers
o0x7fbc4a0adb28 .functor BUFZ 1, C4<z>; HiZ drive
v0x17c7530_0 .net "mem_d_rd_i", 0 0, o0x7fbc4a0adb28;  0 drivers
o0x7fbc4a0adb58 .functor BUFZ 11, C4<zzzzzzzzzzz>; HiZ drive
v0x17c75f0_0 .net "mem_d_req_tag_i", 10 0, o0x7fbc4a0adb58;  0 drivers
v0x17c76d0_0 .net "mem_d_resp_tag_o", 10 0, L_0x17a7790;  1 drivers
v0x17c77b0_0 .var "mem_d_tag_q", 10 0;
o0x7fbc4a0adbe8 .functor BUFZ 4, C4<zzzz>; HiZ drive
v0x17c7890_0 .net "mem_d_wr_i", 3 0, o0x7fbc4a0adbe8;  0 drivers
o0x7fbc4a0adc18 .functor BUFZ 1, C4<z>; HiZ drive
v0x17c7970_0 .net "mem_d_writeback_i", 0 0, o0x7fbc4a0adc18;  0 drivers
L_0x7fbc4a0642e8 .functor BUFT 1, C4<1>, C4<0>, C4<0>, C4<0>;
v0x17c7a30_0 .net "mem_i_accept_o", 0 0, L_0x7fbc4a0642e8;  1 drivers
L_0x7fbc4a064330 .functor BUFT 1, C4<0>, C4<0>, C4<0>, C4<0>;
v0x17c7af0_0 .net "mem_i_error_o", 0 0, L_0x7fbc4a064330;  1 drivers
o0x7fbc4a0adca8 .functor BUFZ 1, C4<z>; HiZ drive
v0x17c7bb0_0 .net "mem_i_flush_i", 0 0, o0x7fbc4a0adca8;  0 drivers
v0x17c7c70_0 .net "mem_i_inst_o", 63 0, v0x17c53c0_0;  1 drivers
o0x7fbc4a0adcd8 .functor BUFZ 1, C4<z>; HiZ drive
v0x17c7d30_0 .net "mem_i_invalidate_i", 0 0, o0x7fbc4a0adcd8;  0 drivers
o0x7fbc4a0add08 .functor BUFZ 32, C4<zzzzzzzzzzzzzzzzzzzzzzzzzzzzzzzz>; HiZ drive
v0x17c7fe0_0 .net "mem_i_pc_i", 31 0, o0x7fbc4a0add08;  0 drivers
o0x7fbc4a0add38 .functor BUFZ 1, C4<z>; HiZ drive
v0x17c80c0_0 .net "mem_i_rd_i", 0 0, o0x7fbc4a0add38;  0 drivers
v0x17c8180_0 .net "mem_i_valid_o", 0 0, L_0x17a6650;  1 drivers
v0x17c8240_0 .var "mem_i_valid_q", 0 0;
v0x17c8300_0 .var "muxed_hi_q", 0 0;
v0x17c83c0_0 .net "muxed_hi_w", 0 0, L_0x17c8910;  1 drivers
o0x7fbc4a0ade28 .functor BUFZ 1, C4<z>; HiZ drive
v0x17c8480_0 .net "rst_i", 0 0, o0x7fbc4a0ade28;  0 drivers
L_0x17c8910 .part o0x7fbc4a0ad9d8, 2, 1;
L_0x17c8a40 .part o0x7fbc4a0add08, 3, 5;
L_0x17d8c80 .concat [ 4 4 0 0], L_0x7fbc4a0641c8, o0x7fbc4a0adbe8;
L_0x17d8dd0 .concat [ 4 4 0 0], o0x7fbc4a0adbe8, L_0x7fbc4a064210;
L_0x17d8f70 .functor MUXZ 8, L_0x17d8dd0, L_0x17d8c80, L_0x17c8910, C4<>;
L_0x17d9100 .part o0x7fbc4a0ad9d8, 3, 5;
L_0x17d9230 .concat [ 32 32 0 0], L_0x7fbc4a064258, o0x7fbc4a0ada68;
L_0x17d92d0 .concat [ 32 32 0 0], o0x7fbc4a0ada68, L_0x7fbc4a0642a0;
L_0x17d9460 .functor MUXZ 64, L_0x17d92d0, L_0x17d9230, L_0x17c8910, C4<>;
L_0x17d9660 .part v0x17c54a0_0, 32, 32;
L_0x17d97e0 .part v0x17c54a0_0, 0, 32;
L_0x17d9880 .functor MUXZ 32, L_0x17d97e0, L_0x17d9660, v0x17c8300_0, C4<>;
S_0x1786190 .scope module, "u_ram" "tcm_mem_ram" 2 40, 3 6 0, S_0x17a4d20;
 .timescale 0 0;
    .port_info 0 /INPUT 1 "clk0";
    .port_info 1 /INPUT 1 "csb0";
    .port_info 2 /INPUT 1 "web0";
    .port_info 3 /INPUT 8 "wmask0";
    .port_info 4 /INPUT 5 "addr0";
    .port_info 5 /INPUT 64 "din0";
    .port_info 6 /OUTPUT 64 "dout0";
    .port_info 7 /INPUT 1 "clk1";
    .port_info 8 /INPUT 1 "csb1";
    .port_info 9 /INPUT 1 "web1";
    .port_info 10 /INPUT 8 "wmask1";
    .port_info 11 /INPUT 5 "addr1";
    .port_info 12 /INPUT 64 "din1";
    .port_info 13 /OUTPUT 64 "dout1";
P_0x1740650 .param/l "ADDR_WIDTH" 0 3 19, +C4<00000000000000000000000000000101>;
P_0x1740690 .param/l "DATA_WIDTH" 0 3 18, +C4<00000000000000000000000001000000>;
P_0x17406d0 .param/l "DELAY" 0 3 22, +C4<00000000000000000000000000000011>;
P_0x1740710 .param/l "NUM_WMASKS" 0 3 17, +C4<00000000000000000000000000001000>;
P_0x1740750 .param/l "RAM_DEPTH" 0 3 20, +C4<0000000000000000000000000000000100000>;
P_0x1740790 .param/l "T_HOLD" 0 3 24, +C4<00000000000000000000000000000001>;
P_0x17407d0 .param/l "VERBOSE" 0 3 23, +C4<00000000000000000000000000000001>;
v0x17a6760_0 .net "addr0", 4 0, L_0x17c8a40;  1 drivers
v0x17a6c30_0 .var "addr0_reg", 4 0;
v0x17a78a0_0 .net "addr1", 4 0, L_0x17d9100;  1 drivers
v0x1766030_0 .var "addr1_reg", 4 0;
v0x1765bc0_0 .net "clk0", 0 0, o0x7fbc4a0ad0d8;  alias, 0 drivers
v0x1765ef0_0 .net "clk1", 0 0, o0x7fbc4a0ad0d8;  alias, 0 drivers
L_0x7fbc4a064018 .functor BUFT 1, C4<1>, C4<0>, C4<0>, C4<0>;
v0x176c730_0 .net "csb0", 0 0, L_0x7fbc4a064018;  1 drivers
v0x17c4e00_0 .var "csb0_reg", 0 0;
L_0x7fbc4a064138 .functor BUFT 1, C4<0>, C4<0>, C4<0>, C4<0>;
v0x17c4ec0_0 .net "csb1", 0 0, L_0x7fbc4a064138;  1 drivers
v0x17c4f80_0 .var "csb1_reg", 0 0;
L_0x7fbc4a0640f0 .functor BUFT 1, C4<0000000000000000000000000000000000000000000000000000000000000000>, C4<0>, C4<0>, C4<0>;
v0x17c5040_0 .net "din0", 63 0, L_0x7fbc4a0640f0;  1 drivers
v0x17c5120_0 .var "din0_reg", 63 0;
v0x17c5200_0 .net "din1", 63 0, L_0x17d9460;  1 drivers
v0x17c52e0_0 .var "din1_reg", 63 0;
v0x17c53c0_0 .var "dout0", 63 0;
v0x17c54a0_0 .var "dout1", 63 0;
v0x17c5580 .array "mem", 31 0, 63 0;
L_0x7fbc4a064060 .functor BUFT 1, C4<1>, C4<0>, C4<0>, C4<0>;
v0x17c5640_0 .net "web0", 0 0, L_0x7fbc4a064060;  1 drivers
v0x17c5700_0 .var "web0_reg", 0 0;
L_0x7fbc4a064180 .functor BUFT 1, C4<0>, C4<0>, C4<0>, C4<0>;
v0x17c57c0_0 .net "web1", 0 0, L_0x7fbc4a064180;  1 drivers
v0x17c5880_0 .var "web1_reg", 0 0;
L_0x7fbc4a0640a8 .functor BUFT 1, C4<00000000>, C4<0>, C4<0>, C4<0>;
v0x17c5940_0 .net "wmask0", 7 0, L_0x7fbc4a0640a8;  1 drivers
v0x17c5a20_0 .var "wmask0_reg", 7 0;
v0x17c5b00_0 .net "wmask1", 7 0, L_0x17d8f70;  1 drivers
v0x17c5be0_0 .var "wmask1_reg", 7 0;
E_0x177bed0 .event negedge, v0x1765bc0_0;
E_0x1752f50 .event posedge, v0x1765bc0_0;
S_0x17a4980 .scope begin, "MEM_READ0" "MEM_READ0" 3 123, 3 123 0, S_0x1786190;
 .timescale 0 0;
S_0x17a4270 .scope begin, "MEM_READ1" "MEM_READ1" 3 155, 3 155 0, S_0x1786190;
 .timescale 0 0;
S_0x17a58f0 .scope begin, "MEM_WRITE0" "MEM_WRITE0" 3 99, 3 99 0, S_0x1786190;
 .timescale 0 0;
S_0x17a0140 .scope begin, "MEM_WRITE1" "MEM_WRITE1" 3 131, 3 131 0, S_0x1786190;
 .timescale 0 0;
S_0x17c5e80 .scope task, "write" "write" 2 135, 2 135 0, S_0x17a4d20;
 .timescale 0 0;
v0x17c6030_0 .var "addr", 31 0;
v0x17c6110_0 .var "data", 7 0;
TD_tcm_mem.write ;
    %load/vec4 v0x17c6030_0;
    %parti/s 3, 0, 2;
    %dup/vec4;
    %pushi/vec4 0, 0, 3;
    %cmp/u;
    %jmp/1 T_0.0, 6;
    %dup/vec4;
    %pushi/vec4 1, 0, 3;
    %cmp/u;
    %jmp/1 T_0.1, 6;
    %dup/vec4;
    %pushi/vec4 2, 0, 3;
    %cmp/u;
    %jmp/1 T_0.2, 6;
    %dup/vec4;
    %pushi/vec4 3, 0, 3;
    %cmp/u;
    %jmp/1 T_0.3, 6;
    %dup/vec4;
    %pushi/vec4 4, 0, 3;
    %cmp/u;
    %jmp/1 T_0.4, 6;
    %dup/vec4;
    %pushi/vec4 5, 0, 3;
    %cmp/u;
    %jmp/1 T_0.5, 6;
    %dup/vec4;
    %pushi/vec4 6, 0, 3;
    %cmp/u;
    %jmp/1 T_0.6, 6;
    %dup/vec4;
    %pushi/vec4 7, 0, 3;
    %cmp/u;
    %jmp/1 T_0.7, 6;
    %jmp T_0.8;
T_0.0 ;
    %load/vec4 v0x17c6110_0;
    %load/vec4 v0x17c6030_0;
    %pushi/vec4 8, 0, 32;
    %div;
    %ix/vec4 4;
    %flag_mov 8, 4;
    %ix/load 5, 0, 0;
    %flag_set/imm 4, 0;
    %flag_or 4, 8;
    %store/vec4a v0x17c5580, 4, 5;
    %jmp T_0.8;
T_0.1 ;
    %load/vec4 v0x17c6110_0;
    %load/vec4 v0x17c6030_0;
    %pushi/vec4 8, 0, 32;
    %div;
    %ix/vec4 4;
    %flag_mov 8, 4;
    %ix/load 5, 8, 0;
    %flag_set/imm 4, 0;
    %flag_or 4, 8;
    %store/vec4a v0x17c5580, 4, 5;
    %jmp T_0.8;
T_0.2 ;
    %load/vec4 v0x17c6110_0;
    %load/vec4 v0x17c6030_0;
    %pushi/vec4 8, 0, 32;
    %div;
    %ix/vec4 4;
    %flag_mov 8, 4;
    %ix/load 5, 16, 0;
    %flag_set/imm 4, 0;
    %flag_or 4, 8;
    %store/vec4a v0x17c5580, 4, 5;
    %jmp T_0.8;
T_0.3 ;
    %load/vec4 v0x17c6110_0;
    %load/vec4 v0x17c6030_0;
    %pushi/vec4 8, 0, 32;
    %div;
    %ix/vec4 4;
    %flag_mov 8, 4;
    %ix/load 5, 24, 0;
    %flag_set/imm 4, 0;
    %flag_or 4, 8;
    %store/vec4a v0x17c5580, 4, 5;
    %jmp T_0.8;
T_0.4 ;
    %load/vec4 v0x17c6110_0;
    %load/vec4 v0x17c6030_0;
    %pushi/vec4 8, 0, 32;
    %div;
    %ix/vec4 4;
    %flag_mov 8, 4;
    %ix/load 5, 32, 0;
    %flag_set/imm 4, 0;
    %flag_or 4, 8;
    %store/vec4a v0x17c5580, 4, 5;
    %jmp T_0.8;
T_0.5 ;
    %load/vec4 v0x17c6110_0;
    %load/vec4 v0x17c6030_0;
    %pushi/vec4 8, 0, 32;
    %div;
    %ix/vec4 4;
    %flag_mov 8, 4;
    %ix/load 5, 40, 0;
    %flag_set/imm 4, 0;
    %flag_or 4, 8;
    %store/vec4a v0x17c5580, 4, 5;
    %jmp T_0.8;
T_0.6 ;
    %load/vec4 v0x17c6110_0;
    %load/vec4 v0x17c6030_0;
    %pushi/vec4 8, 0, 32;
    %div;
    %ix/vec4 4;
    %flag_mov 8, 4;
    %ix/load 5, 48, 0;
    %flag_set/imm 4, 0;
    %flag_or 4, 8;
    %store/vec4a v0x17c5580, 4, 5;
    %jmp T_0.8;
T_0.7 ;
    %load/vec4 v0x17c6110_0;
    %load/vec4 v0x17c6030_0;
    %pushi/vec4 8, 0, 32;
    %div;
    %ix/vec4 4;
    %flag_mov 8, 4;
    %ix/load 5, 56, 0;
    %flag_set/imm 4, 0;
    %flag_or 4, 8;
    %store/vec4a v0x17c5580, 4, 5;
    %jmp T_0.8;
T_0.8 ;
    %pop/vec4 1;
    %end;
    .scope S_0x1786190;
T_1 ;
    %wait E_0x1752f50;
    %load/vec4 v0x176c730_0;
    %store/vec4 v0x17c4e00_0, 0, 1;
    %load/vec4 v0x17c5640_0;
    %store/vec4 v0x17c5700_0, 0, 1;
    %load/vec4 v0x17c5940_0;
    %store/vec4 v0x17c5a20_0, 0, 8;
    %load/vec4 v0x17a6760_0;
    %store/vec4 v0x17a6c30_0, 0, 5;
    %load/vec4 v0x17c4ec0_0;
    %nor/r;
    %flag_set/vec4 12;
    %flag_get/vec4 12;
    %jmp/0 T_1.5, 12;
    %load/vec4 v0x17c57c0_0;
    %nor/r;
    %and;
T_1.5;
    %flag_set/vec4 11;
    %flag_get/vec4 11;
    %jmp/0 T_1.4, 11;
    %load/vec4 v0x176c730_0;
    %nor/r;
    %and;
T_1.4;
    %flag_set/vec4 10;
    %flag_get/vec4 10;
    %jmp/0 T_1.3, 10;
    %load/vec4 v0x17c5640_0;
    %and;
T_1.3;
    %flag_set/vec4 9;
    %flag_get/vec4 9;
    %jmp/0 T_1.2, 9;
    %load/vec4 v0x17a78a0_0;
    %load/vec4 v0x17a6760_0;
    %cmp/e;
    %flag_get/vec4 4;
    %and;
T_1.2;
    %flag_set/vec4 8;
    %jmp/0xz  T_1.0, 8;
    %vpi_call 3 62 "$display", $time, " WARNING: Writing and reading addr1=%b and addr0=%b simultaneously!", v0x17a78a0_0, v0x17a6760_0 {0 0 0};
T_1.0 ;
    %load/vec4 v0x17c5040_0;
    %store/vec4 v0x17c5120_0, 0, 64;
    %delay 1, 0;
    %pushi/vec4 4294967295, 4294967295, 32;
    %concati/vec4 4294967295, 4294967295, 32;
    %store/vec4 v0x17c53c0_0, 0, 64;
    %load/vec4 v0x17c4e00_0;
    %nor/r;
    %flag_set/vec4 10;
    %flag_get/vec4 10;
    %jmp/0 T_1.9, 10;
    %load/vec4 v0x17c5700_0;
    %and;
T_1.9;
    %flag_set/vec4 9;
    %flag_get/vec4 9;
    %jmp/0 T_1.8, 9;
    %pushi/vec4 1, 0, 1;
    %and;
T_1.8;
    %flag_set/vec4 8;
    %jmp/0xz  T_1.6, 8;
    %load/vec4 v0x17a6c30_0;
    %pad/u 7;
    %ix/vec4 4;
    %load/vec4a v0x17c5580, 4;
    %vpi_call 3 66 "$display", $time, " Reading %m addr0=%b dout0=%b", v0x17a6c30_0, S<0,vec4,u64> {1 0 0};
T_1.6 ;
    %load/vec4 v0x17c4e00_0;
    %nor/r;
    %flag_set/vec4 10;
    %flag_get/vec4 10;
    %jmp/0 T_1.13, 10;
    %load/vec4 v0x17c5700_0;
    %nor/r;
    %and;
T_1.13;
    %flag_set/vec4 9;
    %flag_get/vec4 9;
    %jmp/0 T_1.12, 9;
    %pushi/vec4 1, 0, 1;
    %and;
T_1.12;
    %flag_set/vec4 8;
    %jmp/0xz  T_1.10, 8;
    %vpi_call 3 68 "$display", $time, " Writing %m addr0=%b din0=%b wmask0=%b", v0x17a6c30_0, v0x17c5120_0, v0x17c5a20_0 {0 0 0};
T_1.10 ;
    %jmp T_1;
    .thread T_1;
    .scope S_0x1786190;
T_2 ;
    %wait E_0x1752f50;
    %load/vec4 v0x17c4ec0_0;
    %store/vec4 v0x17c4f80_0, 0, 1;
    %load/vec4 v0x17c57c0_0;
    %store/vec4 v0x17c5880_0, 0, 1;
    %load/vec4 v0x17c5b00_0;
    %store/vec4 v0x17c5be0_0, 0, 8;
    %load/vec4 v0x17a78a0_0;
    %store/vec4 v0x1766030_0, 0, 5;
    %load/vec4 v0x176c730_0;
    %nor/r;
    %flag_set/vec4 12;
    %flag_get/vec4 12;
    %jmp/0 T_2.5, 12;
    %load/vec4 v0x17c5640_0;
    %nor/r;
    %and;
T_2.5;
    %flag_set/vec4 11;
    %flag_get/vec4 11;
    %jmp/0 T_2.4, 11;
    %load/vec4 v0x17c4ec0_0;
    %nor/r;
    %and;
T_2.4;
    %flag_set/vec4 10;
    %flag_get/vec4 10;
    %jmp/0 T_2.3, 10;
    %load/vec4 v0x17c57c0_0;
    %and;
T_2.3;
    %flag_set/vec4 9;
    %flag_get/vec4 9;
    %jmp/0 T_2.2, 9;
    %load/vec4 v0x17a6760_0;
    %load/vec4 v0x17a78a0_0;
    %cmp/e;
    %flag_get/vec4 4;
    %and;
T_2.2;
    %flag_set/vec4 8;
    %jmp/0xz  T_2.0, 8;
    %vpi_call 3 86 "$display", $time, " WARNING: Writing and reading addr0=%b and addr1=%b simultaneously!", v0x17a6760_0, v0x17a78a0_0 {0 0 0};
T_2.0 ;
    %load/vec4 v0x17c5200_0;
    %store/vec4 v0x17c52e0_0, 0, 64;
    %delay 1, 0;
    %pushi/vec4 4294967295, 4294967295, 32;
    %concati/vec4 4294967295, 4294967295, 32;
    %store/vec4 v0x17c54a0_0, 0, 64;
    %load/vec4 v0x17c4f80_0;
    %nor/r;
    %flag_set/vec4 10;
    %flag_get/vec4 10;
    %jmp/0 T_2.9, 10;
    %load/vec4 v0x17c5880_0;
    %and;
T_2.9;
    %flag_set/vec4 9;
    %flag_get/vec4 9;
    %jmp/0 T_2.8, 9;
    %pushi/vec4 1, 0, 1;
    %and;
T_2.8;
    %flag_set/vec4 8;
    %jmp/0xz  T_2.6, 8;
    %load/vec4 v0x1766030_0;
    %pad/u 7;
    %ix/vec4 4;
    %load/vec4a v0x17c5580, 4;
    %vpi_call 3 90 "$display", $time, " Reading %m addr1=%b dout1=%b", v0x1766030_0, S<0,vec4,u64> {1 0 0};
T_2.6 ;
    %load/vec4 v0x17c4f80_0;
    %nor/r;
    %flag_set/vec4 10;
    %flag_get/vec4 10;
    %jmp/0 T_2.13, 10;
    %load/vec4 v0x17c5880_0;
    %nor/r;
    %and;
T_2.13;
    %flag_set/vec4 9;
    %flag_get/vec4 9;
    %jmp/0 T_2.12, 9;
    %pushi/vec4 1, 0, 1;
    %and;
T_2.12;
    %flag_set/vec4 8;
    %jmp/0xz  T_2.10, 8;
    %vpi_call 3 92 "$display", $time, " Writing %m addr1=%b din1=%b wmask1=%b", v0x1766030_0, v0x17c52e0_0, v0x17c5be0_0 {0 0 0};
T_2.10 ;
    %jmp T_2;
    .thread T_2;
    .scope S_0x1786190;
T_3 ;
    %wait E_0x177bed0;
    %fork t_1, S_0x17a58f0;
    %jmp t_0;
    .scope S_0x17a58f0;
t_1 ;
    %load/vec4 v0x17c4e00_0;
    %nor/r;
    %flag_set/vec4 9;
    %flag_get/vec4 9;
    %jmp/0 T_3.2, 9;
    %load/vec4 v0x17c5700_0;
    %nor/r;
    %and;
T_3.2;
    %flag_set/vec4 8;
    %jmp/0xz  T_3.0, 8;
    %load/vec4 v0x17c5a20_0;
    %parti/s 1, 0, 2;
    %flag_set/vec4 8;
    %jmp/0xz  T_3.3, 8;
    %load/vec4 v0x17c5120_0;
    %parti/s 8, 0, 2;
    %load/vec4 v0x17a6c30_0;
    %pad/u 7;
    %ix/vec4 4;
    %flag_mov 8, 4;
    %ix/load 5, 0, 0;
    %flag_set/imm 4, 0;
    %flag_or 4, 8;
    %store/vec4a v0x17c5580, 4, 5;
T_3.3 ;
    %load/vec4 v0x17c5a20_0;
    %parti/s 1, 1, 2;
    %flag_set/vec4 8;
    %jmp/0xz  T_3.5, 8;
    %load/vec4 v0x17c5120_0;
    %parti/s 8, 8, 5;
    %load/vec4 v0x17a6c30_0;
    %pad/u 7;
    %ix/vec4 4;
    %flag_mov 8, 4;
    %ix/load 5, 8, 0;
    %flag_set/imm 4, 0;
    %flag_or 4, 8;
    %store/vec4a v0x17c5580, 4, 5;
T_3.5 ;
    %load/vec4 v0x17c5a20_0;
    %parti/s 1, 2, 3;
    %flag_set/vec4 8;
    %jmp/0xz  T_3.7, 8;
    %load/vec4 v0x17c5120_0;
    %parti/s 8, 16, 6;
    %load/vec4 v0x17a6c30_0;
    %pad/u 7;
    %ix/vec4 4;
    %flag_mov 8, 4;
    %ix/load 5, 16, 0;
    %flag_set/imm 4, 0;
    %flag_or 4, 8;
    %store/vec4a v0x17c5580, 4, 5;
T_3.7 ;
    %load/vec4 v0x17c5a20_0;
    %parti/s 1, 3, 3;
    %flag_set/vec4 8;
    %jmp/0xz  T_3.9, 8;
    %load/vec4 v0x17c5120_0;
    %parti/s 8, 24, 6;
    %load/vec4 v0x17a6c30_0;
    %pad/u 7;
    %ix/vec4 4;
    %flag_mov 8, 4;
    %ix/load 5, 24, 0;
    %flag_set/imm 4, 0;
    %flag_or 4, 8;
    %store/vec4a v0x17c5580, 4, 5;
T_3.9 ;
    %load/vec4 v0x17c5a20_0;
    %parti/s 1, 4, 4;
    %flag_set/vec4 8;
    %jmp/0xz  T_3.11, 8;
    %load/vec4 v0x17c5120_0;
    %parti/s 8, 32, 7;
    %load/vec4 v0x17a6c30_0;
    %pad/u 7;
    %ix/vec4 4;
    %flag_mov 8, 4;
    %ix/load 5, 32, 0;
    %flag_set/imm 4, 0;
    %flag_or 4, 8;
    %store/vec4a v0x17c5580, 4, 5;
T_3.11 ;
    %load/vec4 v0x17c5a20_0;
    %parti/s 1, 5, 4;
    %flag_set/vec4 8;
    %jmp/0xz  T_3.13, 8;
    %load/vec4 v0x17c5120_0;
    %parti/s 8, 40, 7;
    %load/vec4 v0x17a6c30_0;
    %pad/u 7;
    %ix/vec4 4;
    %flag_mov 8, 4;
    %ix/load 5, 40, 0;
    %flag_set/imm 4, 0;
    %flag_or 4, 8;
    %store/vec4a v0x17c5580, 4, 5;
T_3.13 ;
    %load/vec4 v0x17c5a20_0;
    %parti/s 1, 6, 4;
    %flag_set/vec4 8;
    %jmp/0xz  T_3.15, 8;
    %load/vec4 v0x17c5120_0;
    %parti/s 8, 48, 7;
    %load/vec4 v0x17a6c30_0;
    %pad/u 7;
    %ix/vec4 4;
    %flag_mov 8, 4;
    %ix/load 5, 48, 0;
    %flag_set/imm 4, 0;
    %flag_or 4, 8;
    %store/vec4a v0x17c5580, 4, 5;
T_3.15 ;
    %load/vec4 v0x17c5a20_0;
    %parti/s 1, 7, 4;
    %flag_set/vec4 8;
    %jmp/0xz  T_3.17, 8;
    %load/vec4 v0x17c5120_0;
    %parti/s 8, 56, 7;
    %load/vec4 v0x17a6c30_0;
    %pad/u 7;
    %ix/vec4 4;
    %flag_mov 8, 4;
    %ix/load 5, 56, 0;
    %flag_set/imm 4, 0;
    %flag_or 4, 8;
    %store/vec4a v0x17c5580, 4, 5;
T_3.17 ;
T_3.0 ;
    %end;
    .scope S_0x1786190;
t_0 %join;
    %jmp T_3;
    .thread T_3;
    .scope S_0x1786190;
T_4 ;
    %wait E_0x177bed0;
    %fork t_3, S_0x17a4980;
    %jmp t_2;
    .scope S_0x17a4980;
t_3 ;
    %load/vec4 v0x17c4e00_0;
    %nor/r;
    %flag_set/vec4 9;
    %flag_get/vec4 9;
    %jmp/0 T_4.2, 9;
    %load/vec4 v0x17c5700_0;
    %and;
T_4.2;
    %flag_set/vec4 8;
    %jmp/0xz  T_4.0, 8;
    %load/vec4 v0x17a6c30_0;
    %pad/u 7;
    %ix/vec4 4;
    %load/vec4a v0x17c5580, 4;
    %assign/vec4 v0x17c53c0_0, 3;
T_4.0 ;
    %end;
    .scope S_0x1786190;
t_2 %join;
    %jmp T_4;
    .thread T_4;
    .scope S_0x1786190;
T_5 ;
    %wait E_0x177bed0;
    %fork t_5, S_0x17a0140;
    %jmp t_4;
    .scope S_0x17a0140;
t_5 ;
    %load/vec4 v0x17c4f80_0;
    %nor/r;
    %flag_set/vec4 9;
    %flag_get/vec4 9;
    %jmp/0 T_5.2, 9;
    %load/vec4 v0x17c5880_0;
    %nor/r;
    %and;
T_5.2;
    %flag_set/vec4 8;
    %jmp/0xz  T_5.0, 8;
    %load/vec4 v0x17c5be0_0;
    %parti/s 1, 0, 2;
    %flag_set/vec4 8;
    %jmp/0xz  T_5.3, 8;
    %load/vec4 v0x17c52e0_0;
    %parti/s 8, 0, 2;
    %load/vec4 v0x1766030_0;
    %pad/u 7;
    %ix/vec4 4;
    %flag_mov 8, 4;
    %ix/load 5, 0, 0;
    %flag_set/imm 4, 0;
    %flag_or 4, 8;
    %store/vec4a v0x17c5580, 4, 5;
T_5.3 ;
    %load/vec4 v0x17c5be0_0;
    %parti/s 1, 1, 2;
    %flag_set/vec4 8;
    %jmp/0xz  T_5.5, 8;
    %load/vec4 v0x17c52e0_0;
    %parti/s 8, 8, 5;
    %load/vec4 v0x1766030_0;
    %pad/u 7;
    %ix/vec4 4;
    %flag_mov 8, 4;
    %ix/load 5, 8, 0;
    %flag_set/imm 4, 0;
    %flag_or 4, 8;
    %store/vec4a v0x17c5580, 4, 5;
T_5.5 ;
    %load/vec4 v0x17c5be0_0;
    %parti/s 1, 2, 3;
    %flag_set/vec4 8;
    %jmp/0xz  T_5.7, 8;
    %load/vec4 v0x17c52e0_0;
    %parti/s 8, 16, 6;
    %load/vec4 v0x1766030_0;
    %pad/u 7;
    %ix/vec4 4;
    %flag_mov 8, 4;
    %ix/load 5, 16, 0;
    %flag_set/imm 4, 0;
    %flag_or 4, 8;
    %store/vec4a v0x17c5580, 4, 5;
T_5.7 ;
    %load/vec4 v0x17c5be0_0;
    %parti/s 1, 3, 3;
    %flag_set/vec4 8;
    %jmp/0xz  T_5.9, 8;
    %load/vec4 v0x17c52e0_0;
    %parti/s 8, 24, 6;
    %load/vec4 v0x1766030_0;
    %pad/u 7;
    %ix/vec4 4;
    %flag_mov 8, 4;
    %ix/load 5, 24, 0;
    %flag_set/imm 4, 0;
    %flag_or 4, 8;
    %store/vec4a v0x17c5580, 4, 5;
T_5.9 ;
    %load/vec4 v0x17c5be0_0;
    %parti/s 1, 4, 4;
    %flag_set/vec4 8;
    %jmp/0xz  T_5.11, 8;
    %load/vec4 v0x17c52e0_0;
    %parti/s 8, 32, 7;
    %load/vec4 v0x1766030_0;
    %pad/u 7;
    %ix/vec4 4;
    %flag_mov 8, 4;
    %ix/load 5, 32, 0;
    %flag_set/imm 4, 0;
    %flag_or 4, 8;
    %store/vec4a v0x17c5580, 4, 5;
T_5.11 ;
    %load/vec4 v0x17c5be0_0;
    %parti/s 1, 5, 4;
    %flag_set/vec4 8;
    %jmp/0xz  T_5.13, 8;
    %load/vec4 v0x17c52e0_0;
    %parti/s 8, 40, 7;
    %load/vec4 v0x1766030_0;
    %pad/u 7;
    %ix/vec4 4;
    %flag_mov 8, 4;
    %ix/load 5, 40, 0;
    %flag_set/imm 4, 0;
    %flag_or 4, 8;
    %store/vec4a v0x17c5580, 4, 5;
T_5.13 ;
    %load/vec4 v0x17c5be0_0;
    %parti/s 1, 6, 4;
    %flag_set/vec4 8;
    %jmp/0xz  T_5.15, 8;
    %load/vec4 v0x17c52e0_0;
    %parti/s 8, 48, 7;
    %load/vec4 v0x1766030_0;
    %pad/u 7;
    %ix/vec4 4;
    %flag_mov 8, 4;
    %ix/load 5, 48, 0;
    %flag_set/imm 4, 0;
    %flag_or 4, 8;
    %store/vec4a v0x17c5580, 4, 5;
T_5.15 ;
    %load/vec4 v0x17c5be0_0;
    %parti/s 1, 7, 4;
    %flag_set/vec4 8;
    %jmp/0xz  T_5.17, 8;
    %load/vec4 v0x17c52e0_0;
    %parti/s 8, 56, 7;
    %load/vec4 v0x1766030_0;
    %pad/u 7;
    %ix/vec4 4;
    %flag_mov 8, 4;
    %ix/load 5, 56, 0;
    %flag_set/imm 4, 0;
    %flag_or 4, 8;
    %store/vec4a v0x17c5580, 4, 5;
T_5.17 ;
T_5.0 ;
    %end;
    .scope S_0x1786190;
t_4 %join;
    %jmp T_5;
    .thread T_5;
    .scope S_0x1786190;
T_6 ;
    %wait E_0x177bed0;
    %fork t_7, S_0x17a4270;
    %jmp t_6;
    .scope S_0x17a4270;
t_7 ;
    %load/vec4 v0x17c4f80_0;
    %nor/r;
    %flag_set/vec4 9;
    %flag_get/vec4 9;
    %jmp/0 T_6.2, 9;
    %load/vec4 v0x17c5880_0;
    %and;
T_6.2;
    %flag_set/vec4 8;
    %jmp/0xz  T_6.0, 8;
    %load/vec4 v0x1766030_0;
    %pad/u 7;
    %ix/vec4 4;
    %load/vec4a v0x17c5580, 4;
    %assign/vec4 v0x17c54a0_0, 3;
T_6.0 ;
    %end;
    .scope S_0x1786190;
t_6 %join;
    %jmp T_6;
    .thread T_6;
    .scope S_0x17a4d20;
T_7 ;
    %wait E_0x1752f50;
    %load/vec4 v0x17c8480_0;
    %flag_set/vec4 8;
    %jmp/0xz  T_7.0, 8;
    %pushi/vec4 0, 0, 1;
    %assign/vec4 v0x17c8300_0, 0;
    %jmp T_7.1;
T_7.0 ;
    %load/vec4 v0x17c83c0_0;
    %assign/vec4 v0x17c8300_0, 0;
T_7.1 ;
    %jmp T_7;
    .thread T_7;
    .scope S_0x17a4d20;
T_8 ;
    %wait E_0x1752f50;
    %load/vec4 v0x17c8480_0;
    %flag_set/vec4 8;
    %jmp/0xz  T_8.0, 8;
    %pushi/vec4 0, 0, 1;
    %assign/vec4 v0x17c8240_0, 0;
    %jmp T_8.1;
T_8.0 ;
    %load/vec4 v0x17c80c0_0;
    %assign/vec4 v0x17c8240_0, 0;
T_8.1 ;
    %jmp T_8;
    .thread T_8;
    .scope S_0x17a4d20;
T_9 ;
    %wait E_0x1752f50;
    %load/vec4 v0x17c8480_0;
    %flag_set/vec4 8;
    %jmp/0xz  T_9.0, 8;
    %pushi/vec4 0, 0, 1;
    %assign/vec4 v0x17c6dc0_0, 0;
    %pushi/vec4 0, 0, 11;
    %assign/vec4 v0x17c77b0_0, 0;
    %jmp T_9.1;
T_9.0 ;
    %load/vec4 v0x17c7530_0;
    %flag_set/vec4 9;
    %jmp/1 T_9.8, 9;
    %load/vec4 v0x17c7890_0;
    %cmpi/ne 0, 0, 4;
    %flag_or 9, 4;
T_9.8;
    %jmp/1 T_9.7, 9;
    %load/vec4 v0x17c73b0_0;
    %flag_set/vec4 10;
    %flag_or 9, 10;
T_9.7;
    %jmp/1 T_9.6, 9;
    %load/vec4 v0x17c7470_0;
    %flag_set/vec4 10;
    %flag_or 9, 10;
T_9.6;
    %jmp/1 T_9.5, 9;
    %load/vec4 v0x17c7970_0;
    %flag_set/vec4 10;
    %flag_or 9, 10;
T_9.5;
    %flag_get/vec4 9;
    %jmp/0 T_9.4, 9;
    %load/vec4 v0x17c6c60_0;
    %and;
T_9.4;
    %flag_set/vec4 8;
    %jmp/0xz  T_9.2, 8;
    %pushi/vec4 1, 0, 1;
    %assign/vec4 v0x17c6dc0_0, 0;
    %load/vec4 v0x17c75f0_0;
    %assign/vec4 v0x17c77b0_0, 0;
    %jmp T_9.3;
T_9.2 ;
    %pushi/vec4 0, 0, 1;
    %assign/vec4 v0x17c6dc0_0, 0;
T_9.3 ;
T_9.1 ;
    %jmp T_9;
    .thread T_9;
# The file index is used to find the file name in the following table.
:file_names 4;
    "N/A";
    "<interactive>";
    "tcm_mem.v";
    "tcm_mem_ram.v";
