[2023-12-17 11:32:09.128840] [openram.globals/init_openram]: Initializing OpenRAM...
[2023-12-17 11:32:09.131475] [openram.globals/setup_paths]: OpenRAM source code found in /home/sfs6562/OpenRAM/compiler
[2023-12-17 11:32:09.132873] [openram.globals/setup_paths]: Temporary files saved in /home/sfs6562/OpenRAM/macro/dcache_tag_ram/tmp/
[2023-12-17 11:32:09.134232] [openram.globals/read_config]: Configuration file is /home/sfs6562/OpenRAM/macro/sram_configs/dcache_tag_ram.py
[2023-12-17 11:32:09.324753] [openram.globals/read_config]: Output saved in /home/sfs6562/OpenRAM/macro/dcache_tag_ram/
[2023-12-17 11:32:09.326533] [openram.globals/install_conda]: Creating conda setup...
[2023-12-17 11:32:09.329986] [openram.globals/import_tech]: Tech directory found in /home/sfs6562/OpenRAM/technology:/home/sfs6562/OpenRAM/miniconda/lib/python3.8/site-packages/openram/technology
[2023-12-17 11:32:09.331357] [openram.globals/import_tech]: Adding technology path: /home/sfs6562/OpenRAM/technology
[2023-12-17 11:32:09.333206] [openram.globals/import_tech]: Adding technology path: /home/sfs6562/OpenRAM/miniconda/lib/python3.8/site-packages/openram/technology
[2023-12-17 11:32:09.350200] [openram.globals/init_paths]: Creating temp directory: /home/sfs6562/OpenRAM/macro/dcache_tag_ram/tmp/
[2023-12-17 11:32:09.632938] [openram.globals/setup_bitcell]: Using bitcell: bitcell_2port
[2023-12-17 11:32:10.934852] [openram.characterizer/<module>]: Initializing characterizer...
[2023-12-17 11:32:10.944755] [openram.characterizer/<module>]: Analytical model enabled.
[2023-12-17 11:32:10.956909] [openram.verify/<module>]: Initializing verify...
[2023-12-17 11:32:10.966940] [openram.verify/<module>]: Finding DRC/LVS/PEX tools.
[2023-12-17 11:32:10.976926] [openram.globals/get_tool]: Using DRC: /home/sfs6562/OpenRAM/miniconda/bin/magic
[2023-12-17 11:32:10.987326] [openram.globals/get_tool]: Using LVS: /home/sfs6562/OpenRAM/miniconda/bin/netgen
[2023-12-17 11:32:10.997158] [openram.globals/get_tool]: Using PEX: /home/sfs6562/OpenRAM/miniconda/bin/magic
[2023-12-17 11:32:11.000407] [openram.globals/setup_bitcell]: Using bitcell: bitcell_2port
[2023-12-17 11:32:11.001800] |==============================================================================|
[2023-12-17 11:32:11.002815] |=========                      OpenRAM v1.2.42                       =========|
[2023-12-17 11:32:11.003676] |=========                                                            =========|
[2023-12-17 11:32:11.004641] |=========               VLSI Design and Automation Lab               =========|
[2023-12-17 11:32:11.005707] |=========        Computer Science and Engineering Department         =========|
[2023-12-17 11:32:11.006755] |=========            University of California Santa Cruz             =========|
[2023-12-17 11:32:11.007608] |=========                                                            =========|
[2023-12-17 11:32:11.008698] |=========          Usage help: openram-user-group@ucsc.edu           =========|
[2023-12-17 11:32:11.009581] |=========        Development help: openram-dev-group@ucsc.edu        =========|
[2023-12-17 11:32:11.010554] |=========                See LICENSE for license info                =========|
[2023-12-17 11:32:11.011655] |==============================================================================|
[2023-12-17 11:32:11.012605] ** Start: 12/17/2023 11:32:11
[2023-12-17 11:32:11.013612] Technology: sky130
[2023-12-17 11:32:11.014534] Total size: 5376 bits
[2023-12-17 11:32:11.015430] Word size: 21
Words: 256
Banks: 1
[2023-12-17 11:32:11.016554] RW ports: 0
R-only ports: 1
W-only ports: 1
[2023-12-17 11:32:11.017589] DRC/LVS/PEX is only run on the top-level design to save run-time (inline_lvsdrc=True to do inline checking).
[2023-12-17 11:32:11.018793] Characterization is disabled (using analytical delay models) (analytical_delay=False to simulate).
[2023-12-17 11:32:11.019723] Only generating nominal corner timing.
[2023-12-17 11:32:11.020602] Words per row: None
[2023-12-17 11:32:11.021749] Output files are: 
[2023-12-17 11:32:11.022916] /home/sfs6562/OpenRAM/macro/dcache_tag_ram/dcache_tag_ram.lvs
[2023-12-17 11:32:11.024059] /home/sfs6562/OpenRAM/macro/dcache_tag_ram/dcache_tag_ram.sp
[2023-12-17 11:32:11.025210] /home/sfs6562/OpenRAM/macro/dcache_tag_ram/dcache_tag_ram.v
[2023-12-17 11:32:11.026701] /home/sfs6562/OpenRAM/macro/dcache_tag_ram/dcache_tag_ram.lib
[2023-12-17 11:32:11.028626] /home/sfs6562/OpenRAM/macro/dcache_tag_ram/dcache_tag_ram.py
[2023-12-17 11:32:11.030459] /home/sfs6562/OpenRAM/macro/dcache_tag_ram/dcache_tag_ram.html
[2023-12-17 11:32:11.031812] /home/sfs6562/OpenRAM/macro/dcache_tag_ram/dcache_tag_ram.log
[2023-12-17 11:32:11.032814] /home/sfs6562/OpenRAM/macro/dcache_tag_ram/dcache_tag_ram.lef
[2023-12-17 11:32:11.033785] /home/sfs6562/OpenRAM/macro/dcache_tag_ram/dcache_tag_ram.gds
[2023-12-17 11:32:11.283414] [openram.sram_config/recompute_sizes]: Recomputing with words per row: 2
[2023-12-17 11:32:11.285275] [openram.sram_config/recompute_sizes]: Rows: 128 Cols: 42
[2023-12-17 11:32:11.286995] [openram.sram_config/recompute_sizes]: Row addr size: 7 Col addr size: 1 Bank addr size: 8
[2023-12-17 11:32:11.288360] [openram.sram_config/compute_sizes]: Set SRAM Words Per Row=2
[2023-12-17 11:32:11.313032] [openram.modules.bitcell_base_array/__init__]: Creating dcache_tag_ram_capped_replica_bitcell_array 128 x 42
[2023-12-17 11:32:11.315054] [openram.modules.capped_replica_bitcell_array/__init__]: Creating dcache_tag_ram_capped_replica_bitcell_array 128 x 42 rbls: [1, 1] left_rbl: [0] right_rbl: [1]
[2023-12-17 11:32:11.318448] [openram.modules.bitcell_base_array/__init__]: Creating dcache_tag_ram_replica_bitcell_array 128 x 42
[2023-12-17 11:32:11.320220] [openram.modules.replica_bitcell_array/__init__]: Creating dcache_tag_ram_replica_bitcell_array 128 x 42 rbls: [1, 1] left_rbl: [0] right_rbl: [1]
[2023-12-17 11:32:11.324380] [openram.modules.bitcell_base_array/__init__]: Creating dcache_tag_ram_bitcell_array 128 x 42
[2023-12-17 11:32:11.326116] [openram.modules.bitcell_array/__init__]: Creating dcache_tag_ram_bitcell_array 128 x 42
[2023-12-17 11:32:24.613554] [openram.modules.bitcell_base_array/__init__]: Creating dcache_tag_ram_replica_column 130 x 1
[2023-12-17 11:32:24.731149] [openram.modules.bitcell_base_array/__init__]: Creating dcache_tag_ram_replica_column_0 130 x 1
[2023-12-17 11:32:24.857649] [openram.modules.bitcell_base_array/__init__]: Creating dcache_tag_ram_dummy_array 1 x 42
[2023-12-17 11:32:25.644285] [openram.modules.bitcell_base_array/__init__]: Creating dcache_tag_ram_col_cap_array 1 x 44
[2023-12-17 11:32:25.672177] [openram.modules.bitcell_base_array/__init__]: Creating dcache_tag_ram_col_cap_array_0 1 x 44
[2023-12-17 11:32:25.695731] [openram.modules.bitcell_base_array/__init__]: Creating dcache_tag_ram_row_cap_array 130 x 1
[2023-12-17 11:32:25.747966] [openram.modules.bitcell_base_array/__init__]: Creating dcache_tag_ram_row_cap_array_0 130 x 1
[2023-12-17 11:32:26.049523] [openram.modules.and2_dec/__init__]: Creating and2_dec and2_dec
[2023-12-17 11:32:26.157266] [openram.modules.and3_dec/__init__]: Creating and3_dec and3_dec
[2023-12-17 11:32:26.201646] [openram.modules.and4_dec/__init__]: Creating and4_dec and4_dec
[2023-12-17 11:32:26.529439] [openram.modules.wordline_driver_array/__init__]: Creating dcache_tag_ram_wordline_driver_array
[2023-12-17 11:32:26.531955] [openram.modules.wordline_driver/__init__]: Creating wordline_driver wordline_driver
[2023-12-17 11:32:26.730841] [openram.modules.and2_dec/__init__]: Creating and2_dec and2_dec_0
[2023-12-17 11:32:26.855044] [openram.modules.precharge_array/__init__]: Creating dcache_tag_ram_precharge_array
[2023-12-17 11:32:26.891495] [openram.modules.column_mux_array/__init__]: Creating dcache_tag_ram_column_mux_array
[2023-12-17 11:32:27.062121] [openram.modules.write_driver_array/__init__]: Creating dcache_tag_ram_write_driver_array
[2023-12-17 11:32:27.141369] [openram.modules.precharge_array/__init__]: Creating dcache_tag_ram_precharge_array_0
[2023-12-17 11:32:27.179121] [openram.modules.sense_amp_array/__init__]: Creating dcache_tag_ram_sense_amp_array
[2023-12-17 11:32:27.218164] [openram.modules.column_mux_array/__init__]: Creating dcache_tag_ram_column_mux_array_0
[2023-12-17 11:32:27.337896] [openram.modules.pinvbuf/__init__]: creating pinvbuf pinvbuf
[2023-12-17 11:32:27.542587] [openram.modules.dff_array/__init__]: Creating dcache_tag_ram_row_addr_dff rows=7 cols=1
[2023-12-17 11:32:27.553035] [openram.modules.dff_array/__init__]: Creating dcache_tag_ram_col_addr_dff rows=1 cols=1
[2023-12-17 11:32:27.556947] [openram.modules.dff_array/__init__]: Creating dcache_tag_ram_data_dff rows=1 cols=21
[2023-12-17 11:32:27.574354] [openram.modules.control_logic_base/__init__]: Creating control_logic_w
[2023-12-17 11:32:27.578346] [openram.modules.dff_buf/__init__]: Creating dcache_tag_ram_dff_buf
[2023-12-17 11:32:27.584563] [openram.modules.dff_buf_array/__init__]: Creating dcache_tag_ram_dff_buf_array
[2023-12-17 11:32:27.587594] [openram.modules.dff_buf/__init__]: Creating dcache_tag_ram_dff_buf_0
[2023-12-17 11:32:27.593415] [openram.modules.pand2/__init__]: Creating pand2 pand2
[2023-12-17 11:32:27.606450] [openram.modules.pdriver/__init__]: creating pdriver pdriver
[2023-12-17 11:32:27.620487] [openram.modules.pbuf/__init__]: creating pbuf with size of 42
[2023-12-17 11:32:27.648462] [openram.modules.pdriver/__init__]: creating pdriver pdriver_0
[2023-12-17 11:32:27.693751] [openram.modules.pdriver/__init__]: creating pdriver pdriver_1
[2023-12-17 11:32:27.712877] [openram.modules.pand3/__init__]: Creating pand3 pand3
[2023-12-17 11:32:27.722239] [openram.modules.pdriver/__init__]: creating pdriver pdriver_2
[2023-12-17 11:32:27.739396] [openram.modules.pand3/__init__]: Creating pand3 pand3_0
[2023-12-17 11:32:27.742699] [openram.modules.pdriver/__init__]: creating pdriver pdriver_3
[2023-12-17 11:32:27.757922] [openram.modules.pdriver/__init__]: creating pdriver pdriver_4
[2023-12-17 11:32:27.775655] [openram.modules.delay_chain/__init__]: creating delay chain [4, 4, 4, 4, 4, 4, 4, 4, 4]
[2023-12-17 11:32:27.828746] [openram.modules.control_logic_base/__init__]: Creating control_logic_r
[2023-12-17 11:32:27.846859] ** Submodules: 16.6 seconds
[2023-12-17 11:32:27.872867] ** Placement: 0.0 seconds
[2023-12-17 11:33:35.602004] [openram.base.hierarchy_layout/get_bbox]: Size: 388.46000000000004 x 363.62 with perimeter margin 0
[2023-12-17 11:33:35.717175] [openram.router.router_tech/__init__]: Minimum track width: 0.680
[2023-12-17 11:33:35.756296] [openram.router.router_tech/__init__]: Minimum track space: 0.300
[2023-12-17 11:33:35.811094] [openram.router.router_tech/__init__]: Minimum track wire width: 0.380
[2023-12-17 11:33:35.857518] [openram.router.signal_escape_router/route]: Running signal escape router...
[2023-12-17 11:36:28.817061] [openram.router.router_tech/__init__]: Minimum track width: 0.680
[2023-12-17 11:36:28.819324] [openram.router.router_tech/__init__]: Minimum track space: 0.300
[2023-12-17 11:36:28.820936] [openram.router.router_tech/__init__]: Minimum track wire width: 0.380
[2023-12-17 11:36:28.822442] [openram.router.supply_router/route]: Running router for vdd and gnd...
[2023-12-17 11:55:08.029127] ** Routing: 1360.2 seconds
[2023-12-17 11:55:39.641573] [openram.verify.run_script/run_script]: Still running /home/sfs6562/OpenRAM/macro/dcache_tag_ram/tmp/run_ext.sh (30 seconds)
[2023-12-17 11:56:09.681529] [openram.verify.run_script/run_script]: Still running /home/sfs6562/OpenRAM/macro/dcache_tag_ram/tmp/run_ext.sh (60 seconds)
[2023-12-17 11:56:39.715442] [openram.verify.run_script/run_script]: Still running /home/sfs6562/OpenRAM/macro/dcache_tag_ram/tmp/run_ext.sh (90 seconds)
[2023-12-17 11:57:09.745640] [openram.verify.run_script/run_script]: Still running /home/sfs6562/OpenRAM/macro/dcache_tag_ram/tmp/run_ext.sh (120 seconds)
[2023-12-17 11:57:39.780540] [openram.verify.run_script/run_script]: Still running /home/sfs6562/OpenRAM/macro/dcache_tag_ram/tmp/run_ext.sh (150 seconds)
[2023-12-17 11:58:09.812781] [openram.verify.run_script/run_script]: Still running /home/sfs6562/OpenRAM/macro/dcache_tag_ram/tmp/run_ext.sh (180 seconds)
[2023-12-17 11:58:39.847267] [openram.verify.run_script/run_script]: Still running /home/sfs6562/OpenRAM/macro/dcache_tag_ram/tmp/run_ext.sh (210 seconds)
[2023-12-17 11:59:09.878772] [openram.verify.run_script/run_script]: Still running /home/sfs6562/OpenRAM/macro/dcache_tag_ram/tmp/run_ext.sh (240 seconds)
[2023-12-17 11:59:39.912944] [openram.verify.run_script/run_script]: Still running /home/sfs6562/OpenRAM/macro/dcache_tag_ram/tmp/run_ext.sh (270 seconds)
[2023-12-17 12:00:09.942154] [openram.verify.run_script/run_script]: Still running /home/sfs6562/OpenRAM/macro/dcache_tag_ram/tmp/run_ext.sh (300 seconds)
[2023-12-17 12:00:39.976839] [openram.verify.run_script/run_script]: Still running /home/sfs6562/OpenRAM/macro/dcache_tag_ram/tmp/run_ext.sh (330 seconds)
[2023-12-17 12:01:10.010384] [openram.verify.run_script/run_script]: Still running /home/sfs6562/OpenRAM/macro/dcache_tag_ram/tmp/run_ext.sh (360 seconds)
[2023-12-17 12:01:40.046998] [openram.verify.run_script/run_script]: Still running /home/sfs6562/OpenRAM/macro/dcache_tag_ram/tmp/run_ext.sh (390 seconds)
[2023-12-17 12:02:10.078659] [openram.verify.run_script/run_script]: Still running /home/sfs6562/OpenRAM/macro/dcache_tag_ram/tmp/run_ext.sh (420 seconds)
[2023-12-17 12:02:40.113522] [openram.verify.run_script/run_script]: Still running /home/sfs6562/OpenRAM/macro/dcache_tag_ram/tmp/run_ext.sh (451 seconds)
[2023-12-17 12:03:10.145676] [openram.verify.run_script/run_script]: Still running /home/sfs6562/OpenRAM/macro/dcache_tag_ram/tmp/run_ext.sh (481 seconds)
[2023-12-17 12:03:40.181457] [openram.verify.run_script/run_script]: Still running /home/sfs6562/OpenRAM/macro/dcache_tag_ram/tmp/run_ext.sh (511 seconds)
[2023-12-17 12:04:10.211458] [openram.verify.run_script/run_script]: Still running /home/sfs6562/OpenRAM/macro/dcache_tag_ram/tmp/run_ext.sh (541 seconds)
[2023-12-17 12:04:40.246864] [openram.verify.run_script/run_script]: Still running /home/sfs6562/OpenRAM/macro/dcache_tag_ram/tmp/run_ext.sh (571 seconds)
[2023-12-17 12:05:10.287516] [openram.verify.run_script/run_script]: Still running /home/sfs6562/OpenRAM/macro/dcache_tag_ram/tmp/run_ext.sh (601 seconds)
[2023-12-17 12:05:40.324330] [openram.verify.run_script/run_script]: Still running /home/sfs6562/OpenRAM/macro/dcache_tag_ram/tmp/run_ext.sh (631 seconds)
[2023-12-17 12:06:10.354901] [openram.verify.run_script/run_script]: Still running /home/sfs6562/OpenRAM/macro/dcache_tag_ram/tmp/run_ext.sh (661 seconds)
[2023-12-17 12:06:40.389224] [openram.verify.run_script/run_script]: Still running /home/sfs6562/OpenRAM/macro/dcache_tag_ram/tmp/run_ext.sh (691 seconds)
[2023-12-17 12:07:10.419509] [openram.verify.run_script/run_script]: Still running /home/sfs6562/OpenRAM/macro/dcache_tag_ram/tmp/run_ext.sh (721 seconds)
[2023-12-17 12:07:40.454488] [openram.verify.run_script/run_script]: Still running /home/sfs6562/OpenRAM/macro/dcache_tag_ram/tmp/run_ext.sh (751 seconds)
[2023-12-17 12:08:10.486062] [openram.verify.run_script/run_script]: Still running /home/sfs6562/OpenRAM/macro/dcache_tag_ram/tmp/run_ext.sh (781 seconds)
[2023-12-17 12:08:40.520465] [openram.verify.run_script/run_script]: Still running /home/sfs6562/OpenRAM/macro/dcache_tag_ram/tmp/run_ext.sh (811 seconds)
[2023-12-17 12:09:10.551660] [openram.verify.run_script/run_script]: Still running /home/sfs6562/OpenRAM/macro/dcache_tag_ram/tmp/run_ext.sh (841 seconds)
[2023-12-17 12:09:40.586665] [openram.verify.run_script/run_script]: Still running /home/sfs6562/OpenRAM/macro/dcache_tag_ram/tmp/run_ext.sh (871 seconds)
[2023-12-17 12:10:10.618726] [openram.verify.run_script/run_script]: Still running /home/sfs6562/OpenRAM/macro/dcache_tag_ram/tmp/run_ext.sh (901 seconds)
[2023-12-17 12:10:40.653703] [openram.verify.run_script/run_script]: Still running /home/sfs6562/OpenRAM/macro/dcache_tag_ram/tmp/run_ext.sh (931 seconds)
[2023-12-17 12:11:10.683631] [openram.verify.run_script/run_script]: Still running /home/sfs6562/OpenRAM/macro/dcache_tag_ram/tmp/run_ext.sh (961 seconds)
[2023-12-17 12:11:40.718500] [openram.verify.run_script/run_script]: Still running /home/sfs6562/OpenRAM/macro/dcache_tag_ram/tmp/run_ext.sh (991 seconds)
[2023-12-17 12:12:10.750565] [openram.verify.run_script/run_script]: Still running /home/sfs6562/OpenRAM/macro/dcache_tag_ram/tmp/run_ext.sh (1021 seconds)
[2023-12-17 12:12:40.783802] [openram.verify.run_script/run_script]: Still running /home/sfs6562/OpenRAM/macro/dcache_tag_ram/tmp/run_ext.sh (1051 seconds)
[2023-12-17 12:13:10.815141] [openram.verify.run_script/run_script]: Still running /home/sfs6562/OpenRAM/macro/dcache_tag_ram/tmp/run_ext.sh (1081 seconds)
[2023-12-17 12:13:40.851478] [openram.verify.run_script/run_script]: Still running /home/sfs6562/OpenRAM/macro/dcache_tag_ram/tmp/run_ext.sh (1111 seconds)
[2023-12-17 12:14:10.883653] [openram.verify.run_script/run_script]: Still running /home/sfs6562/OpenRAM/macro/dcache_tag_ram/tmp/run_ext.sh (1141 seconds)
[2023-12-17 12:14:40.917769] [openram.verify.run_script/run_script]: Still running /home/sfs6562/OpenRAM/macro/dcache_tag_ram/tmp/run_ext.sh (1171 seconds)
[2023-12-17 12:15:10.947574] [openram.verify.run_script/run_script]: Still running /home/sfs6562/OpenRAM/macro/dcache_tag_ram/tmp/run_ext.sh (1201 seconds)
[2023-12-17 12:15:40.983120] [openram.verify.run_script/run_script]: Still running /home/sfs6562/OpenRAM/macro/dcache_tag_ram/tmp/run_ext.sh (1231 seconds)
[2023-12-17 12:16:11.014524] [openram.verify.run_script/run_script]: Still running /home/sfs6562/OpenRAM/macro/dcache_tag_ram/tmp/run_ext.sh (1261 seconds)
[2023-12-17 12:16:41.049037] [openram.verify.run_script/run_script]: Still running /home/sfs6562/OpenRAM/macro/dcache_tag_ram/tmp/run_ext.sh (1291 seconds)
[2023-12-17 12:17:11.079996] [openram.verify.run_script/run_script]: Still running /home/sfs6562/OpenRAM/macro/dcache_tag_ram/tmp/run_ext.sh (1321 seconds)
[2023-12-17 12:17:41.117314] [openram.verify.run_script/run_script]: Still running /home/sfs6562/OpenRAM/macro/dcache_tag_ram/tmp/run_ext.sh (1352 seconds)
[2023-12-17 12:18:11.149532] [openram.verify.run_script/run_script]: Still running /home/sfs6562/OpenRAM/macro/dcache_tag_ram/tmp/run_ext.sh (1382 seconds)
[2023-12-17 12:18:41.183845] [openram.verify.run_script/run_script]: Still running /home/sfs6562/OpenRAM/macro/dcache_tag_ram/tmp/run_ext.sh (1412 seconds)
[2023-12-17 12:19:11.215599] [openram.verify.run_script/run_script]: Still running /home/sfs6562/OpenRAM/macro/dcache_tag_ram/tmp/run_ext.sh (1442 seconds)
[2023-12-17 12:19:41.249140] [openram.verify.run_script/run_script]: Still running /home/sfs6562/OpenRAM/macro/dcache_tag_ram/tmp/run_ext.sh (1472 seconds)
[2023-12-17 12:20:11.279662] [openram.verify.run_script/run_script]: Still running /home/sfs6562/OpenRAM/macro/dcache_tag_ram/tmp/run_ext.sh (1502 seconds)
[2023-12-17 12:20:41.316595] [openram.verify.run_script/run_script]: Still running /home/sfs6562/OpenRAM/macro/dcache_tag_ram/tmp/run_ext.sh (1532 seconds)
[2023-12-17 12:21:11.355778] [openram.verify.run_script/run_script]: Still running /home/sfs6562/OpenRAM/macro/dcache_tag_ram/tmp/run_ext.sh (1562 seconds)
[2023-12-17 12:21:41.392755] [openram.verify.run_script/run_script]: Still running /home/sfs6562/OpenRAM/macro/dcache_tag_ram/tmp/run_ext.sh (1592 seconds)
[2023-12-17 12:22:11.425367] [openram.verify.run_script/run_script]: Still running /home/sfs6562/OpenRAM/macro/dcache_tag_ram/tmp/run_ext.sh (1622 seconds)
[2023-12-17 12:22:41.459749] [openram.verify.run_script/run_script]: Still running /home/sfs6562/OpenRAM/macro/dcache_tag_ram/tmp/run_ext.sh (1652 seconds)
[2023-12-17 12:23:11.490743] [openram.verify.run_script/run_script]: Still running /home/sfs6562/OpenRAM/macro/dcache_tag_ram/tmp/run_ext.sh (1682 seconds)
[2023-12-17 12:23:41.525426] [openram.verify.run_script/run_script]: Still running /home/sfs6562/OpenRAM/macro/dcache_tag_ram/tmp/run_ext.sh (1712 seconds)
[2023-12-17 12:24:11.557254] [openram.verify.run_script/run_script]: Still running /home/sfs6562/OpenRAM/macro/dcache_tag_ram/tmp/run_ext.sh (1742 seconds)
[2023-12-17 12:24:41.592782] [openram.verify.run_script/run_script]: Still running /home/sfs6562/OpenRAM/macro/dcache_tag_ram/tmp/run_ext.sh (1772 seconds)
[2023-12-17 12:25:11.624934] [openram.verify.run_script/run_script]: Still running /home/sfs6562/OpenRAM/macro/dcache_tag_ram/tmp/run_ext.sh (1802 seconds)
[2023-12-17 12:25:41.661474] [openram.verify.run_script/run_script]: Still running /home/sfs6562/OpenRAM/macro/dcache_tag_ram/tmp/run_ext.sh (1832 seconds)
[2023-12-17 12:26:11.694845] [openram.verify.run_script/run_script]: Still running /home/sfs6562/OpenRAM/macro/dcache_tag_ram/tmp/run_ext.sh (1862 seconds)
[2023-12-17 12:26:41.731359] [openram.verify.run_script/run_script]: Still running /home/sfs6562/OpenRAM/macro/dcache_tag_ram/tmp/run_ext.sh (1892 seconds)
[2023-12-17 12:27:11.760633] [openram.verify.run_script/run_script]: Still running /home/sfs6562/OpenRAM/macro/dcache_tag_ram/tmp/run_ext.sh (1922 seconds)
[2023-12-17 12:27:41.796012] [openram.verify.run_script/run_script]: Still running /home/sfs6562/OpenRAM/macro/dcache_tag_ram/tmp/run_ext.sh (1952 seconds)
[2023-12-17 12:28:11.827524] [openram.verify.run_script/run_script]: Still running /home/sfs6562/OpenRAM/macro/dcache_tag_ram/tmp/run_ext.sh (1982 seconds)
[2023-12-17 12:28:41.862739] [openram.verify.run_script/run_script]: Still running /home/sfs6562/OpenRAM/macro/dcache_tag_ram/tmp/run_ext.sh (2012 seconds)
[2023-12-17 12:29:11.893975] [openram.verify.run_script/run_script]: Still running /home/sfs6562/OpenRAM/macro/dcache_tag_ram/tmp/run_ext.sh (2042 seconds)
[2023-12-17 12:29:41.928820] [openram.verify.run_script/run_script]: Still running /home/sfs6562/OpenRAM/macro/dcache_tag_ram/tmp/run_ext.sh (2072 seconds)
[2023-12-17 12:30:11.959520] [openram.verify.run_script/run_script]: Still running /home/sfs6562/OpenRAM/macro/dcache_tag_ram/tmp/run_ext.sh (2102 seconds)
[2023-12-17 12:30:41.994505] [openram.verify.run_script/run_script]: Still running /home/sfs6562/OpenRAM/macro/dcache_tag_ram/tmp/run_ext.sh (2132 seconds)
[2023-12-17 12:31:12.026593] [openram.verify.run_script/run_script]: Still running /home/sfs6562/OpenRAM/macro/dcache_tag_ram/tmp/run_ext.sh (2162 seconds)
[2023-12-17 12:31:42.061396] [openram.verify.run_script/run_script]: Still running /home/sfs6562/OpenRAM/macro/dcache_tag_ram/tmp/run_ext.sh (2192 seconds)
[2023-12-17 12:32:12.092520] [openram.verify.run_script/run_script]: Still running /home/sfs6562/OpenRAM/macro/dcache_tag_ram/tmp/run_ext.sh (2223 seconds)
[2023-12-17 12:32:42.128803] [openram.verify.run_script/run_script]: Still running /home/sfs6562/OpenRAM/macro/dcache_tag_ram/tmp/run_ext.sh (2253 seconds)
[2023-12-17 12:33:12.158080] [openram.verify.run_script/run_script]: Still running /home/sfs6562/OpenRAM/macro/dcache_tag_ram/tmp/run_ext.sh (2283 seconds)
[2023-12-17 12:33:42.195182] [openram.verify.run_script/run_script]: Still running /home/sfs6562/OpenRAM/macro/dcache_tag_ram/tmp/run_ext.sh (2313 seconds)
[2023-12-17 12:34:12.226674] [openram.verify.run_script/run_script]: Still running /home/sfs6562/OpenRAM/macro/dcache_tag_ram/tmp/run_ext.sh (2343 seconds)
[2023-12-17 12:34:42.261518] [openram.verify.run_script/run_script]: Still running /home/sfs6562/OpenRAM/macro/dcache_tag_ram/tmp/run_ext.sh (2373 seconds)
[2023-12-17 12:35:12.301504] [openram.verify.run_script/run_script]: Still running /home/sfs6562/OpenRAM/macro/dcache_tag_ram/tmp/run_ext.sh (2403 seconds)
[2023-12-17 12:35:42.336236] [openram.verify.run_script/run_script]: Still running /home/sfs6562/OpenRAM/macro/dcache_tag_ram/tmp/run_ext.sh (2433 seconds)
[2023-12-17 12:36:12.367562] [openram.verify.run_script/run_script]: Still running /home/sfs6562/OpenRAM/macro/dcache_tag_ram/tmp/run_ext.sh (2463 seconds)
[2023-12-17 12:36:42.398148] [openram.verify.run_script/run_script]: Still running /home/sfs6562/OpenRAM/macro/dcache_tag_ram/tmp/run_ext.sh (2493 seconds)
[2023-12-17 12:37:12.429519] [openram.verify.run_script/run_script]: Still running /home/sfs6562/OpenRAM/macro/dcache_tag_ram/tmp/run_ext.sh (2523 seconds)
[2023-12-17 12:37:42.462897] [openram.verify.run_script/run_script]: Still running /home/sfs6562/OpenRAM/macro/dcache_tag_ram/tmp/run_ext.sh (2553 seconds)
[2023-12-17 12:38:12.492564] [openram.verify.run_script/run_script]: Still running /home/sfs6562/OpenRAM/macro/dcache_tag_ram/tmp/run_ext.sh (2583 seconds)
[2023-12-17 12:38:42.528454] [openram.verify.run_script/run_script]: Still running /home/sfs6562/OpenRAM/macro/dcache_tag_ram/tmp/run_ext.sh (2613 seconds)
[2023-12-17 12:39:12.558652] [openram.verify.run_script/run_script]: Still running /home/sfs6562/OpenRAM/macro/dcache_tag_ram/tmp/run_ext.sh (2643 seconds)
[2023-12-17 12:39:42.593690] [openram.verify.run_script/run_script]: Still running /home/sfs6562/OpenRAM/macro/dcache_tag_ram/tmp/run_ext.sh (2673 seconds)
[2023-12-17 12:40:12.625758] [openram.verify.run_script/run_script]: Still running /home/sfs6562/OpenRAM/macro/dcache_tag_ram/tmp/run_ext.sh (2703 seconds)
[2023-12-17 12:40:42.659208] [openram.verify.run_script/run_script]: Still running /home/sfs6562/OpenRAM/macro/dcache_tag_ram/tmp/run_ext.sh (2733 seconds)
[2023-12-17 12:41:12.691529] [openram.verify.run_script/run_script]: Still running /home/sfs6562/OpenRAM/macro/dcache_tag_ram/tmp/run_ext.sh (2763 seconds)
[2023-12-17 12:41:42.726648] [openram.verify.run_script/run_script]: Still running /home/sfs6562/OpenRAM/macro/dcache_tag_ram/tmp/run_ext.sh (2793 seconds)
[2023-12-17 12:42:12.756530] [openram.verify.run_script/run_script]: Still running /home/sfs6562/OpenRAM/macro/dcache_tag_ram/tmp/run_ext.sh (2823 seconds)
[2023-12-17 12:42:42.791051] [openram.verify.run_script/run_script]: Still running /home/sfs6562/OpenRAM/macro/dcache_tag_ram/tmp/run_ext.sh (2853 seconds)
[2023-12-17 12:43:12.822605] [openram.verify.run_script/run_script]: Still running /home/sfs6562/OpenRAM/macro/dcache_tag_ram/tmp/run_ext.sh (2883 seconds)
[2023-12-17 12:43:42.858783] [openram.verify.run_script/run_script]: Still running /home/sfs6562/OpenRAM/macro/dcache_tag_ram/tmp/run_ext.sh (2913 seconds)
[2023-12-17 12:44:12.892121] [openram.verify.run_script/run_script]: Still running /home/sfs6562/OpenRAM/macro/dcache_tag_ram/tmp/run_ext.sh (2943 seconds)
[2023-12-17 12:44:42.927447] [openram.verify.run_script/run_script]: Still running /home/sfs6562/OpenRAM/macro/dcache_tag_ram/tmp/run_ext.sh (2973 seconds)
[2023-12-17 12:45:12.959630] [openram.verify.run_script/run_script]: Still running /home/sfs6562/OpenRAM/macro/dcache_tag_ram/tmp/run_ext.sh (3003 seconds)
[2023-12-17 12:45:42.996481] [openram.verify.run_script/run_script]: Still running /home/sfs6562/OpenRAM/macro/dcache_tag_ram/tmp/run_ext.sh (3033 seconds)
[2023-12-17 12:46:13.027718] [openram.verify.run_script/run_script]: Still running /home/sfs6562/OpenRAM/macro/dcache_tag_ram/tmp/run_ext.sh (3063 seconds)
[2023-12-17 12:46:43.062621] [openram.verify.run_script/run_script]: Still running /home/sfs6562/OpenRAM/macro/dcache_tag_ram/tmp/run_ext.sh (3093 seconds)
[2023-12-17 12:47:13.095141] [openram.verify.run_script/run_script]: Still running /home/sfs6562/OpenRAM/macro/dcache_tag_ram/tmp/run_ext.sh (3124 seconds)
[2023-12-17 12:47:43.130909] [openram.verify.run_script/run_script]: Still running /home/sfs6562/OpenRAM/macro/dcache_tag_ram/tmp/run_ext.sh (3154 seconds)
[2023-12-17 12:48:13.162681] [openram.verify.run_script/run_script]: Still running /home/sfs6562/OpenRAM/macro/dcache_tag_ram/tmp/run_ext.sh (3184 seconds)
[2023-12-17 12:48:43.199138] [openram.verify.run_script/run_script]: Still running /home/sfs6562/OpenRAM/macro/dcache_tag_ram/tmp/run_ext.sh (3214 seconds)
[2023-12-17 12:49:13.232534] [openram.verify.run_script/run_script]: Still running /home/sfs6562/OpenRAM/macro/dcache_tag_ram/tmp/run_ext.sh (3244 seconds)
[2023-12-17 12:49:43.300566] [openram.verify.run_script/run_script]: Still running /home/sfs6562/OpenRAM/macro/dcache_tag_ram/tmp/run_ext.sh (3274 seconds)
[2023-12-17 12:50:13.336509] [openram.verify.run_script/run_script]: Still running /home/sfs6562/OpenRAM/macro/dcache_tag_ram/tmp/run_ext.sh (3304 seconds)
[2023-12-17 12:50:43.371097] [openram.verify.run_script/run_script]: Still running /home/sfs6562/OpenRAM/macro/dcache_tag_ram/tmp/run_ext.sh (3334 seconds)
[2023-12-17 12:51:13.402505] [openram.verify.run_script/run_script]: Still running /home/sfs6562/OpenRAM/macro/dcache_tag_ram/tmp/run_ext.sh (3364 seconds)
[2023-12-17 12:51:43.437804] [openram.verify.run_script/run_script]: Still running /home/sfs6562/OpenRAM/macro/dcache_tag_ram/tmp/run_ext.sh (3394 seconds)
[2023-12-17 12:52:13.467806] [openram.verify.run_script/run_script]: Still running /home/sfs6562/OpenRAM/macro/dcache_tag_ram/tmp/run_ext.sh (3424 seconds)
[2023-12-17 12:52:43.504865] [openram.verify.run_script/run_script]: Still running /home/sfs6562/OpenRAM/macro/dcache_tag_ram/tmp/run_ext.sh (3454 seconds)
[2023-12-17 12:53:13.543875] [openram.verify.run_script/run_script]: Still running /home/sfs6562/OpenRAM/macro/dcache_tag_ram/tmp/run_ext.sh (3484 seconds)
[2023-12-17 12:53:43.578864] [openram.verify.run_script/run_script]: Still running /home/sfs6562/OpenRAM/macro/dcache_tag_ram/tmp/run_ext.sh (3514 seconds)
[2023-12-17 12:54:13.609523] [openram.verify.run_script/run_script]: Still running /home/sfs6562/OpenRAM/macro/dcache_tag_ram/tmp/run_ext.sh (3544 seconds)
[2023-12-17 12:54:43.644767] [openram.verify.run_script/run_script]: Still running /home/sfs6562/OpenRAM/macro/dcache_tag_ram/tmp/run_ext.sh (3574 seconds)
[2023-12-17 12:55:13.675570] [openram.verify.run_script/run_script]: Still running /home/sfs6562/OpenRAM/macro/dcache_tag_ram/tmp/run_ext.sh (3604 seconds)
[2023-12-17 12:55:43.710368] [openram.verify.run_script/run_script]: Still running /home/sfs6562/OpenRAM/macro/dcache_tag_ram/tmp/run_ext.sh (3634 seconds)
[2023-12-17 12:56:13.741548] [openram.verify.run_script/run_script]: Still running /home/sfs6562/OpenRAM/macro/dcache_tag_ram/tmp/run_ext.sh (3664 seconds)
[2023-12-17 12:56:43.777027] [openram.verify.run_script/run_script]: Still running /home/sfs6562/OpenRAM/macro/dcache_tag_ram/tmp/run_ext.sh (3694 seconds)
[2023-12-17 12:57:13.807845] [openram.verify.run_script/run_script]: Still running /home/sfs6562/OpenRAM/macro/dcache_tag_ram/tmp/run_ext.sh (3724 seconds)
[2023-12-17 12:57:43.844421] [openram.verify.run_script/run_script]: Still running /home/sfs6562/OpenRAM/macro/dcache_tag_ram/tmp/run_ext.sh (3754 seconds)
[2023-12-17 12:58:13.876577] [openram.verify.run_script/run_script]: Still running /home/sfs6562/OpenRAM/macro/dcache_tag_ram/tmp/run_ext.sh (3784 seconds)
[2023-12-17 12:58:43.912043] [openram.verify.run_script/run_script]: Still running /home/sfs6562/OpenRAM/macro/dcache_tag_ram/tmp/run_ext.sh (3814 seconds)
[2023-12-17 12:59:13.945330] [openram.verify.run_script/run_script]: Still running /home/sfs6562/OpenRAM/macro/dcache_tag_ram/tmp/run_ext.sh (3844 seconds)
[2023-12-17 12:59:43.980172] [openram.verify.run_script/run_script]: Still running /home/sfs6562/OpenRAM/macro/dcache_tag_ram/tmp/run_ext.sh (3874 seconds)
[2023-12-17 13:00:14.011542] [openram.verify.run_script/run_script]: Still running /home/sfs6562/OpenRAM/macro/dcache_tag_ram/tmp/run_ext.sh (3904 seconds)
[2023-12-17 13:00:44.044690] [openram.verify.run_script/run_script]: Still running /home/sfs6562/OpenRAM/macro/dcache_tag_ram/tmp/run_ext.sh (3934 seconds)
[2023-12-17 13:01:14.074675] [openram.verify.run_script/run_script]: Still running /home/sfs6562/OpenRAM/macro/dcache_tag_ram/tmp/run_ext.sh (3964 seconds)
[2023-12-17 13:01:44.109207] [openram.verify.run_script/run_script]: Still running /home/sfs6562/OpenRAM/macro/dcache_tag_ram/tmp/run_ext.sh (3995 seconds)
[2023-12-17 13:02:14.140661] [openram.verify.run_script/run_script]: Still running /home/sfs6562/OpenRAM/macro/dcache_tag_ram/tmp/run_ext.sh (4025 seconds)
[2023-12-17 13:02:44.175751] [openram.verify.run_script/run_script]: Still running /home/sfs6562/OpenRAM/macro/dcache_tag_ram/tmp/run_ext.sh (4055 seconds)
[2023-12-17 13:03:14.207727] [openram.verify.run_script/run_script]: Still running /home/sfs6562/OpenRAM/macro/dcache_tag_ram/tmp/run_ext.sh (4085 seconds)
[2023-12-17 13:03:44.242310] [openram.verify.run_script/run_script]: Still running /home/sfs6562/OpenRAM/macro/dcache_tag_ram/tmp/run_ext.sh (4115 seconds)
[2023-12-17 13:04:14.273603] [openram.verify.run_script/run_script]: Still running /home/sfs6562/OpenRAM/macro/dcache_tag_ram/tmp/run_ext.sh (4145 seconds)
[2023-12-17 13:04:44.306109] [openram.verify.run_script/run_script]: Still running /home/sfs6562/OpenRAM/macro/dcache_tag_ram/tmp/run_ext.sh (4175 seconds)
[2023-12-17 13:05:14.347523] [openram.verify.run_script/run_script]: Still running /home/sfs6562/OpenRAM/macro/dcache_tag_ram/tmp/run_ext.sh (4205 seconds)
[2023-12-17 13:05:44.380953] [openram.verify.run_script/run_script]: Still running /home/sfs6562/OpenRAM/macro/dcache_tag_ram/tmp/run_ext.sh (4235 seconds)
[2023-12-17 13:06:14.410509] [openram.verify.run_script/run_script]: Still running /home/sfs6562/OpenRAM/macro/dcache_tag_ram/tmp/run_ext.sh (4265 seconds)
[2023-12-17 13:06:44.444989] [openram.verify.run_script/run_script]: Still running /home/sfs6562/OpenRAM/macro/dcache_tag_ram/tmp/run_ext.sh (4295 seconds)
[2023-12-17 13:07:14.476556] [openram.verify.run_script/run_script]: Still running /home/sfs6562/OpenRAM/macro/dcache_tag_ram/tmp/run_ext.sh (4325 seconds)
[2023-12-17 13:07:31.513860] [openram.verify.magic/run_drc]: DRC Errors dcache_tag_ram	0
[2023-12-17 13:08:01.577161] [openram.verify.run_script/run_script]: Still running /home/sfs6562/OpenRAM/macro/dcache_tag_ram/tmp/run_lvs.sh (30 seconds)
[2023-12-17 13:08:31.608535] [openram.verify.run_script/run_script]: Still running /home/sfs6562/OpenRAM/macro/dcache_tag_ram/tmp/run_lvs.sh (60 seconds)
[2023-12-17 13:09:01.686553] [openram.verify.magic/run_lvs]: dcache_tag_ram	LVS matches
[2023-12-17 13:09:01.688512] ** Verification: 4433.6 seconds
[2023-12-17 13:09:01.690085] ** SRAM creation: 5810.4 seconds
[2023-12-17 13:09:01.691426] SP: Writing to /home/sfs6562/OpenRAM/macro/dcache_tag_ram/dcache_tag_ram.sp
[2023-12-17 13:09:01.807092] [openram.characterizer.functional/__init__]: Random seed for functional simulation: 1702840141805962081
[2023-12-17 13:09:01.993811] ** Spice writing: 0.3 seconds
[2023-12-17 13:09:01.995029] DELAY: Writing stimulus...
[2023-12-17 13:09:03.522803] [openram.characterizer.delay/create_sen_and_bitline_path_measures]: self.bl_name = xdcache_tag_ram.xbank0.bl_1_41
[2023-12-17 13:09:03.529167] ** DELAY: 1.5 seconds
[2023-12-17 13:09:03.652819] GDS: Writing to /home/sfs6562/OpenRAM/macro/dcache_tag_ram/dcache_tag_ram.gds
[2023-12-17 13:09:04.446557] ** GDS: 0.8 seconds
[2023-12-17 13:09:04.448058] LEF: Writing to /home/sfs6562/OpenRAM/macro/dcache_tag_ram/dcache_tag_ram.lef
[2023-12-17 13:09:04.464945] ** LEF: 0.0 seconds
[2023-12-17 13:09:04.466218] LVS: Writing to /home/sfs6562/OpenRAM/macro/dcache_tag_ram/dcache_tag_ram.lvs.sp
[2023-12-17 13:09:04.584805] ** LVS writing: 0.1 seconds
[2023-12-17 13:09:04.586114] LIB: Characterizing... 
[2023-12-17 13:09:04.588663] [openram.characterizer.lib/prepare_tables]: Slews: [0.00125 0.005   0.04   ]
[2023-12-17 13:09:04.590307] [openram.characterizer.lib/prepare_tables]: Loads: [ 1.7225  6.89   27.56  ]
[2023-12-17 13:09:04.591828] [openram.characterizer.lib/prepare_tables]: self.load_slews : [(1.7225, 0.00125), (6.89, 0.00125), (27.56, 0.00125), (1.7225, 0.005), (6.89, 0.005), (27.56, 0.005), (1.7225, 0.04), (6.89, 0.04), (27.56, 0.04)]
[2023-12-17 13:09:04.593456] [openram.characterizer.lib/characterize_corners]: Characterizing corners: [('TT', 1.8, 25)]
[2023-12-17 13:09:04.595179] [openram.characterizer.lib/characterize_corners]: Corner: ('TT', 1.8, 25)
[2023-12-17 13:09:04.597222] [openram.characterizer.lib/characterize_corners]: Writing to /home/sfs6562/OpenRAM/macro/dcache_tag_ram/dcache_tag_ram_TT_1p8V_25C.lib
[2023-12-17 13:09:04.599937] WARNING: file elmore.py: line 45: In analytical mode, all ports have the timing of the first read port.

[2023-12-17 13:09:05.223084] [openram.characterizer.elmore/analytical_power]: Dynamic Power: 33308451295.75938 mW
[2023-12-17 13:09:05.225173] [openram.characterizer.elmore/analytical_power]: Leakage Power: 0.006664 mW
[2023-12-17 13:09:05.226840] [openram.characterizer.elmore/get_lib_values]: Slew, Load, Delay(ns), Slew(ns)
[2023-12-17 13:09:05.228793] [openram.characterizer.elmore/get_lib_values]: 0.00125, 1.7225, 0.2814260992250674, 0.00167765625
[2023-12-17 13:09:05.230782] [openram.characterizer.elmore/get_lib_values]: 0.00125, 6.89, 0.3104932867250674, 0.004584374999999999
[2023-12-17 13:09:05.232759] [openram.characterizer.elmore/get_lib_values]: 0.00125, 27.56, 0.42676203672506735, 0.016211249999999996
[2023-12-17 13:09:05.234756] [openram.characterizer.elmore/get_lib_values]: 0.005, 1.7225, 0.2814260992250674, 0.00167765625
[2023-12-17 13:09:05.236736] [openram.characterizer.elmore/get_lib_values]: 0.005, 6.89, 0.3104932867250674, 0.004584374999999999
[2023-12-17 13:09:05.238787] [openram.characterizer.elmore/get_lib_values]: 0.005, 27.56, 0.42676203672506735, 0.016211249999999996
[2023-12-17 13:09:05.240754] [openram.characterizer.elmore/get_lib_values]: 0.04, 1.7225, 0.2814260992250674, 0.00167765625
[2023-12-17 13:09:05.242601] [openram.characterizer.elmore/get_lib_values]: 0.04, 6.89, 0.3104932867250674, 0.004584374999999999
[2023-12-17 13:09:05.244594] [openram.characterizer.elmore/get_lib_values]: 0.04, 27.56, 0.42676203672506735, 0.016211249999999996
[2023-12-17 13:09:05.264384] ** Characterization: 0.7 seconds
[2023-12-17 13:09:05.269736] Config: Writing to /home/sfs6562/OpenRAM/macro/dcache_tag_ram/dcache_tag_ram.py
[2023-12-17 13:09:05.271188] ** Config: 0.0 seconds
[2023-12-17 13:09:05.277195] Datasheet: Writing to /home/sfs6562/OpenRAM/macro/dcache_tag_ram/dcache_tag_ram.html
[2023-12-17 13:09:05.286634] ** Datasheet: 0.0 seconds
[2023-12-17 13:09:05.287939] Verilog: Writing to /home/sfs6562/OpenRAM/macro/dcache_tag_ram/dcache_tag_ram.v
[2023-12-17 13:09:05.290520] ** Verilog: 0.0 seconds
[2023-12-17 13:09:05.293055] [openram.globals/cleanup_paths]: Preserving temp directory: /home/sfs6562/OpenRAM/macro/dcache_tag_ram/tmp/
[2023-12-17 13:09:05.294500] [openram.verify.magic/print_drc_stats]: DRC runs: 1
[2023-12-17 13:09:05.295988] [openram.verify.magic/print_lvs_stats]: LVS runs: 1
[2023-12-17 13:09:05.297529] [openram.verify.magic/print_pex_stats]: PEX runs: 0
[2023-12-17 13:09:05.299021] ** End: 5814.3 seconds
