[2023-12-22 12:26:46.694047] [openram.globals/init_openram]: Initializing OpenRAM...
[2023-12-22 12:26:46.695488] [openram.globals/setup_paths]: OpenRAM source code found in /home/sfs6562/OpenRAM/compiler
[2023-12-22 12:26:46.696448] [openram.globals/setup_paths]: Temporary files saved in /home/sfs6562/OpenRAM/macro/dcache_data_ram/tmp/
[2023-12-22 12:26:46.697568] [openram.globals/read_config]: Configuration file is /home/sfs6562/OpenRAM/macro/sram_configs/dcache_data_ram.py
[2023-12-22 12:26:46.811717] [openram.globals/read_config]: Output saved in /home/sfs6562/OpenRAM/macro/dcache_data_ram/
[2023-12-22 12:26:46.812781] [openram.globals/install_conda]: Creating conda setup...
[2023-12-22 12:26:46.816039] [openram.globals/import_tech]: Tech directory found in /home/sfs6562/OpenRAM/technology:/home/sfs6562/OpenRAM/miniconda/lib/python3.8/site-packages/openram/technology
[2023-12-22 12:26:46.817903] [openram.globals/import_tech]: Adding technology path: /home/sfs6562/OpenRAM/technology
[2023-12-22 12:26:46.819336] [openram.globals/import_tech]: Adding technology path: /home/sfs6562/OpenRAM/miniconda/lib/python3.8/site-packages/openram/technology
[2023-12-22 12:26:46.840554] [openram.globals/init_paths]: Creating temp directory: /home/sfs6562/OpenRAM/macro/dcache_data_ram/tmp/
[2023-12-22 12:26:47.118772] [openram.globals/setup_bitcell]: Using bitcell: bitcell_2port
[2023-12-22 12:26:48.218037] [openram.characterizer/<module>]: Initializing characterizer...
[2023-12-22 12:26:48.227259] [openram.characterizer/<module>]: Analytical model enabled.
[2023-12-22 12:26:48.240088] [openram.verify/<module>]: Initializing verify...
[2023-12-22 12:26:48.249641] [openram.verify/<module>]: Finding DRC/LVS/PEX tools.
[2023-12-22 12:26:48.259640] [openram.globals/get_tool]: Using DRC: /home/sfs6562/OpenRAM/miniconda/bin/magic
[2023-12-22 12:26:48.269311] [openram.globals/get_tool]: Using LVS: /home/sfs6562/OpenRAM/miniconda/bin/netgen
[2023-12-22 12:26:48.280129] [openram.globals/get_tool]: Using PEX: /home/sfs6562/OpenRAM/miniconda/bin/magic
[2023-12-22 12:26:48.286672] [openram.globals/setup_bitcell]: Using bitcell: bitcell_2port
[2023-12-22 12:26:48.287984] |==============================================================================|
[2023-12-22 12:26:48.290491] |=========                      OpenRAM v1.2.42                       =========|
[2023-12-22 12:26:48.291665] |=========                                                            =========|
[2023-12-22 12:26:48.292629] |=========               VLSI Design and Automation Lab               =========|
[2023-12-22 12:26:48.293486] |=========        Computer Science and Engineering Department         =========|
[2023-12-22 12:26:48.294428] |=========            University of California Santa Cruz             =========|
[2023-12-22 12:26:48.295400] |=========                                                            =========|
[2023-12-22 12:26:48.296354] |=========          Usage help: openram-user-group@ucsc.edu           =========|
[2023-12-22 12:26:48.297233] |=========        Development help: openram-dev-group@ucsc.edu        =========|
[2023-12-22 12:26:48.298362] |=========                See LICENSE for license info                =========|
[2023-12-22 12:26:48.299442] |==============================================================================|
[2023-12-22 12:26:48.300451] ** Start: 12/22/2023 12:26:48
[2023-12-22 12:26:48.301391] Technology: sky130
[2023-12-22 12:26:48.302348] Total size: 4096 bits
[2023-12-22 12:26:48.303350] Word size: 32
Words: 128
Banks: 1
[2023-12-22 12:26:48.304179] Write size: 4
[2023-12-22 12:26:48.305042] RW ports: 2
R-only ports: 0
W-only ports: 0
[2023-12-22 12:26:48.305930] DRC/LVS/PEX is only run on the top-level design to save run-time (inline_lvsdrc=True to do inline checking).
[2023-12-22 12:26:48.306718] Characterization is disabled (using analytical delay models) (analytical_delay=False to simulate).
[2023-12-22 12:26:48.307517] Only generating nominal corner timing.
[2023-12-22 12:26:48.308506] Words per row: None
[2023-12-22 12:26:48.309391] Output files are: 
[2023-12-22 12:26:48.310389] /home/sfs6562/OpenRAM/macro/dcache_data_ram/dcache_data_ram.lvs
[2023-12-22 12:26:48.311738] /home/sfs6562/OpenRAM/macro/dcache_data_ram/dcache_data_ram.sp
[2023-12-22 12:26:48.312612] /home/sfs6562/OpenRAM/macro/dcache_data_ram/dcache_data_ram.v
[2023-12-22 12:26:48.313372] /home/sfs6562/OpenRAM/macro/dcache_data_ram/dcache_data_ram.lib
[2023-12-22 12:26:48.314206] /home/sfs6562/OpenRAM/macro/dcache_data_ram/dcache_data_ram.py
[2023-12-22 12:26:48.316700] /home/sfs6562/OpenRAM/macro/dcache_data_ram/dcache_data_ram.html
[2023-12-22 12:26:48.317501] /home/sfs6562/OpenRAM/macro/dcache_data_ram/dcache_data_ram.log
[2023-12-22 12:26:48.320909] /home/sfs6562/OpenRAM/macro/dcache_data_ram/dcache_data_ram.lef
[2023-12-22 12:26:48.322125] /home/sfs6562/OpenRAM/macro/dcache_data_ram/dcache_data_ram.gds
[2023-12-22 12:26:48.346696] [openram.sram_config/recompute_sizes]: Recomputing with words per row: 2
[2023-12-22 12:26:48.348020] [openram.sram_config/recompute_sizes]: Rows: 64 Cols: 64
[2023-12-22 12:26:48.349280] [openram.sram_config/recompute_sizes]: Row addr size: 6 Col addr size: 1 Bank addr size: 7
[2023-12-22 12:26:48.350657] [openram.sram_config/compute_sizes]: Set SRAM Words Per Row=2
[2023-12-22 12:26:48.370025] [openram.modules.bitcell_base_array/__init__]: Creating dcache_data_ram_capped_replica_bitcell_array 64 x 64
[2023-12-22 12:26:48.371410] [openram.modules.capped_replica_bitcell_array/__init__]: Creating dcache_data_ram_capped_replica_bitcell_array 64 x 64 rbls: [1, 1] left_rbl: [0] right_rbl: [1]
[2023-12-22 12:26:48.374005] [openram.modules.bitcell_base_array/__init__]: Creating dcache_data_ram_replica_bitcell_array 64 x 64
[2023-12-22 12:26:48.376142] [openram.modules.replica_bitcell_array/__init__]: Creating dcache_data_ram_replica_bitcell_array 64 x 64 rbls: [1, 1] left_rbl: [0] right_rbl: [1]
[2023-12-22 12:26:48.379557] [openram.modules.bitcell_base_array/__init__]: Creating dcache_data_ram_bitcell_array 64 x 64
[2023-12-22 12:26:48.381176] [openram.modules.bitcell_array/__init__]: Creating dcache_data_ram_bitcell_array 64 x 64
[2023-12-22 12:26:56.044779] [openram.modules.bitcell_base_array/__init__]: Creating dcache_data_ram_replica_column 66 x 1
[2023-12-22 12:26:56.117593] [openram.modules.bitcell_base_array/__init__]: Creating dcache_data_ram_replica_column_0 66 x 1
[2023-12-22 12:26:56.153306] [openram.modules.bitcell_base_array/__init__]: Creating dcache_data_ram_dummy_array 1 x 64
[2023-12-22 12:26:56.787121] [openram.modules.bitcell_base_array/__init__]: Creating dcache_data_ram_col_cap_array 1 x 66
[2023-12-22 12:26:56.823787] [openram.modules.bitcell_base_array/__init__]: Creating dcache_data_ram_col_cap_array_0 1 x 66
[2023-12-22 12:26:56.856411] [openram.modules.bitcell_base_array/__init__]: Creating dcache_data_ram_row_cap_array 66 x 1
[2023-12-22 12:26:56.886312] [openram.modules.bitcell_base_array/__init__]: Creating dcache_data_ram_row_cap_array_0 66 x 1
[2023-12-22 12:26:57.092396] [openram.modules.and2_dec/__init__]: Creating and2_dec and2_dec
[2023-12-22 12:26:57.170743] [openram.modules.and3_dec/__init__]: Creating and3_dec and3_dec
[2023-12-22 12:26:57.205469] [openram.modules.and4_dec/__init__]: Creating and4_dec and4_dec
[2023-12-22 12:26:57.387504] [openram.modules.wordline_driver_array/__init__]: Creating dcache_data_ram_wordline_driver_array
[2023-12-22 12:26:57.389888] [openram.modules.wordline_driver/__init__]: Creating wordline_driver wordline_driver
[2023-12-22 12:26:57.488264] [openram.modules.and2_dec/__init__]: Creating and2_dec and2_dec_0
[2023-12-22 12:26:57.554587] [openram.modules.precharge_array/__init__]: Creating dcache_data_ram_precharge_array
[2023-12-22 12:26:57.605961] [openram.modules.sense_amp_array/__init__]: Creating dcache_data_ram_sense_amp_array
[2023-12-22 12:26:57.657954] [openram.modules.column_mux_array/__init__]: Creating dcache_data_ram_column_mux_array
[2023-12-22 12:26:57.762907] [openram.modules.write_driver_array/__init__]: Creating dcache_data_ram_write_driver_array
[2023-12-22 12:26:57.881231] [openram.modules.write_mask_and_array/__init__]: Creating dcache_data_ram_write_mask_and_array
[2023-12-22 12:26:57.884094] [openram.modules.pand2/__init__]: Creating pand2 pand2
[2023-12-22 12:26:57.891517] [openram.modules.pdriver/__init__]: creating pdriver pdriver
[2023-12-22 12:26:57.993519] [openram.modules.precharge_array/__init__]: Creating dcache_data_ram_precharge_array_0
[2023-12-22 12:26:58.045820] [openram.modules.column_mux_array/__init__]: Creating dcache_data_ram_column_mux_array_0
[2023-12-22 12:26:58.242403] [openram.modules.pinvbuf/__init__]: creating pinvbuf pinvbuf
[2023-12-22 12:26:58.406401] [openram.modules.dff_array/__init__]: Creating dcache_data_ram_row_addr_dff rows=6 cols=1
[2023-12-22 12:26:58.415488] [openram.modules.dff_array/__init__]: Creating dcache_data_ram_col_addr_dff rows=1 cols=1
[2023-12-22 12:26:58.418137] [openram.modules.dff_array/__init__]: Creating dcache_data_ram_data_dff rows=1 cols=32
[2023-12-22 12:26:58.435570] [openram.modules.dff_array/__init__]: Creating dcache_data_ram_wmask_dff rows=1 cols=8
[2023-12-22 12:26:58.444228] [openram.modules.control_logic_base/__init__]: Creating control_logic_rw
[2023-12-22 12:26:58.446761] [openram.modules.dff_buf/__init__]: Creating dcache_data_ram_dff_buf
[2023-12-22 12:26:58.450910] [openram.modules.dff_buf_array/__init__]: Creating dcache_data_ram_dff_buf_array
[2023-12-22 12:26:58.452550] [openram.modules.dff_buf/__init__]: Creating dcache_data_ram_dff_buf_0
[2023-12-22 12:26:58.458399] [openram.modules.pand2/__init__]: Creating pand2 pand2_0
[2023-12-22 12:26:58.462398] [openram.modules.pdriver/__init__]: creating pdriver pdriver_0
[2023-12-22 12:26:58.471502] [openram.modules.pbuf/__init__]: creating pbuf with size of 64
[2023-12-22 12:26:58.502369] [openram.modules.pdriver/__init__]: creating pdriver pdriver_1
[2023-12-22 12:26:58.547616] [openram.modules.pdriver/__init__]: creating pdriver pdriver_2
[2023-12-22 12:26:58.562346] [openram.modules.pand3/__init__]: Creating pand3 pand3
[2023-12-22 12:26:58.567566] [openram.modules.pdriver/__init__]: creating pdriver pdriver_3
[2023-12-22 12:26:58.581527] [openram.modules.pand3/__init__]: Creating pand3 pand3_0
[2023-12-22 12:26:58.583220] [openram.modules.pdriver/__init__]: creating pdriver pdriver_4
[2023-12-22 12:26:58.596659] [openram.modules.pdriver/__init__]: creating pdriver pdriver_5
[2023-12-22 12:26:58.605358] [openram.modules.delay_chain/__init__]: creating delay chain [4, 4, 4, 4, 4, 4, 4, 4, 4]
[2023-12-22 12:26:58.746595] ** Submodules: 10.4 seconds
[2023-12-22 12:26:58.838799] ** Placement: 0.1 seconds
[2023-12-22 12:27:52.703764] [openram.base.hierarchy_layout/get_bbox]: Size: 467.14 x 288.84 with perimeter margin 0
[2023-12-22 12:27:52.774681] [openram.router.router_tech/__init__]: Minimum track width: 0.680
[2023-12-22 12:27:52.775998] [openram.router.router_tech/__init__]: Minimum track space: 0.300
[2023-12-22 12:27:52.777168] [openram.router.router_tech/__init__]: Minimum track wire width: 0.380
[2023-12-22 12:27:52.778480] [openram.router.signal_escape_router/route]: Running signal escape router...
[2023-12-22 12:31:29.563695] [openram.router.router_tech/__init__]: Minimum track width: 0.680
[2023-12-22 12:31:29.566471] [openram.router.router_tech/__init__]: Minimum track space: 0.300
[2023-12-22 12:31:29.568000] [openram.router.router_tech/__init__]: Minimum track wire width: 0.380
[2023-12-22 12:31:29.569416] [openram.router.supply_router/route]: Running router for vdd and gnd...
[2023-12-22 12:40:55.908334] ** Routing: 837.1 seconds
[2023-12-22 12:41:27.979070] [openram.verify.run_script/run_script]: Still running /home/sfs6562/OpenRAM/macro/dcache_data_ram/tmp/run_ext.sh (30 seconds)
[2023-12-22 12:41:58.009723] [openram.verify.run_script/run_script]: Still running /home/sfs6562/OpenRAM/macro/dcache_data_ram/tmp/run_ext.sh (60 seconds)
[2023-12-22 12:42:28.042171] [openram.verify.run_script/run_script]: Still running /home/sfs6562/OpenRAM/macro/dcache_data_ram/tmp/run_ext.sh (90 seconds)
[2023-12-22 12:42:58.073420] [openram.verify.run_script/run_script]: Still running /home/sfs6562/OpenRAM/macro/dcache_data_ram/tmp/run_ext.sh (120 seconds)
[2023-12-22 12:43:28.107542] [openram.verify.run_script/run_script]: Still running /home/sfs6562/OpenRAM/macro/dcache_data_ram/tmp/run_ext.sh (150 seconds)
[2023-12-22 12:43:58.140063] [openram.verify.run_script/run_script]: Still running /home/sfs6562/OpenRAM/macro/dcache_data_ram/tmp/run_ext.sh (180 seconds)
[2023-12-22 12:44:28.175876] [openram.verify.run_script/run_script]: Still running /home/sfs6562/OpenRAM/macro/dcache_data_ram/tmp/run_ext.sh (210 seconds)
[2023-12-22 12:44:58.209876] [openram.verify.run_script/run_script]: Still running /home/sfs6562/OpenRAM/macro/dcache_data_ram/tmp/run_ext.sh (240 seconds)
[2023-12-22 12:45:28.243068] [openram.verify.run_script/run_script]: Still running /home/sfs6562/OpenRAM/macro/dcache_data_ram/tmp/run_ext.sh (270 seconds)
[2023-12-22 12:45:58.273039] [openram.verify.run_script/run_script]: Still running /home/sfs6562/OpenRAM/macro/dcache_data_ram/tmp/run_ext.sh (300 seconds)
[2023-12-22 12:46:28.307465] [openram.verify.run_script/run_script]: Still running /home/sfs6562/OpenRAM/macro/dcache_data_ram/tmp/run_ext.sh (330 seconds)
[2023-12-22 12:46:58.339357] [openram.verify.run_script/run_script]: Still running /home/sfs6562/OpenRAM/macro/dcache_data_ram/tmp/run_ext.sh (360 seconds)
[2023-12-22 12:47:28.374765] [openram.verify.run_script/run_script]: Still running /home/sfs6562/OpenRAM/macro/dcache_data_ram/tmp/run_ext.sh (390 seconds)
[2023-12-22 12:47:58.407179] [openram.verify.run_script/run_script]: Still running /home/sfs6562/OpenRAM/macro/dcache_data_ram/tmp/run_ext.sh (420 seconds)
[2023-12-22 12:48:28.442950] [openram.verify.run_script/run_script]: Still running /home/sfs6562/OpenRAM/macro/dcache_data_ram/tmp/run_ext.sh (451 seconds)
[2023-12-22 12:48:58.475907] [openram.verify.run_script/run_script]: Still running /home/sfs6562/OpenRAM/macro/dcache_data_ram/tmp/run_ext.sh (481 seconds)
[2023-12-22 12:49:28.511436] [openram.verify.run_script/run_script]: Still running /home/sfs6562/OpenRAM/macro/dcache_data_ram/tmp/run_ext.sh (511 seconds)
[2023-12-22 12:49:58.543181] [openram.verify.run_script/run_script]: Still running /home/sfs6562/OpenRAM/macro/dcache_data_ram/tmp/run_ext.sh (541 seconds)
[2023-12-22 12:50:28.578635] [openram.verify.run_script/run_script]: Still running /home/sfs6562/OpenRAM/macro/dcache_data_ram/tmp/run_ext.sh (571 seconds)
[2023-12-22 12:50:58.609901] [openram.verify.run_script/run_script]: Still running /home/sfs6562/OpenRAM/macro/dcache_data_ram/tmp/run_ext.sh (601 seconds)
[2023-12-22 12:51:28.643965] [openram.verify.run_script/run_script]: Still running /home/sfs6562/OpenRAM/macro/dcache_data_ram/tmp/run_ext.sh (631 seconds)
[2023-12-22 12:51:58.675977] [openram.verify.run_script/run_script]: Still running /home/sfs6562/OpenRAM/macro/dcache_data_ram/tmp/run_ext.sh (661 seconds)
[2023-12-22 12:52:28.711100] [openram.verify.run_script/run_script]: Still running /home/sfs6562/OpenRAM/macro/dcache_data_ram/tmp/run_ext.sh (691 seconds)
[2023-12-22 12:52:58.743226] [openram.verify.run_script/run_script]: Still running /home/sfs6562/OpenRAM/macro/dcache_data_ram/tmp/run_ext.sh (721 seconds)
[2023-12-22 12:53:28.777253] [openram.verify.run_script/run_script]: Still running /home/sfs6562/OpenRAM/macro/dcache_data_ram/tmp/run_ext.sh (751 seconds)
[2023-12-22 12:53:58.809783] [openram.verify.run_script/run_script]: Still running /home/sfs6562/OpenRAM/macro/dcache_data_ram/tmp/run_ext.sh (781 seconds)
[2023-12-22 12:54:28.842967] [openram.verify.run_script/run_script]: Still running /home/sfs6562/OpenRAM/macro/dcache_data_ram/tmp/run_ext.sh (811 seconds)
[2023-12-22 12:54:58.874925] [openram.verify.run_script/run_script]: Still running /home/sfs6562/OpenRAM/macro/dcache_data_ram/tmp/run_ext.sh (841 seconds)
[2023-12-22 12:55:28.909121] [openram.verify.run_script/run_script]: Still running /home/sfs6562/OpenRAM/macro/dcache_data_ram/tmp/run_ext.sh (871 seconds)
[2023-12-22 12:55:58.941425] [openram.verify.run_script/run_script]: Still running /home/sfs6562/OpenRAM/macro/dcache_data_ram/tmp/run_ext.sh (901 seconds)
[2023-12-22 12:56:28.974096] [openram.verify.run_script/run_script]: Still running /home/sfs6562/OpenRAM/macro/dcache_data_ram/tmp/run_ext.sh (931 seconds)
[2023-12-22 12:56:59.006026] [openram.verify.run_script/run_script]: Still running /home/sfs6562/OpenRAM/macro/dcache_data_ram/tmp/run_ext.sh (961 seconds)
[2023-12-22 12:57:29.040141] [openram.verify.run_script/run_script]: Still running /home/sfs6562/OpenRAM/macro/dcache_data_ram/tmp/run_ext.sh (991 seconds)
[2023-12-22 12:57:59.071931] [openram.verify.run_script/run_script]: Still running /home/sfs6562/OpenRAM/macro/dcache_data_ram/tmp/run_ext.sh (1021 seconds)
[2023-12-22 12:58:29.104249] [openram.verify.run_script/run_script]: Still running /home/sfs6562/OpenRAM/macro/dcache_data_ram/tmp/run_ext.sh (1051 seconds)
[2023-12-22 12:58:59.135891] [openram.verify.run_script/run_script]: Still running /home/sfs6562/OpenRAM/macro/dcache_data_ram/tmp/run_ext.sh (1081 seconds)
[2023-12-22 12:59:29.171334] [openram.verify.run_script/run_script]: Still running /home/sfs6562/OpenRAM/macro/dcache_data_ram/tmp/run_ext.sh (1111 seconds)
[2023-12-22 12:59:59.203948] [openram.verify.run_script/run_script]: Still running /home/sfs6562/OpenRAM/macro/dcache_data_ram/tmp/run_ext.sh (1141 seconds)
[2023-12-22 13:00:29.238311] [openram.verify.run_script/run_script]: Still running /home/sfs6562/OpenRAM/macro/dcache_data_ram/tmp/run_ext.sh (1171 seconds)
[2023-12-22 13:00:59.270273] [openram.verify.run_script/run_script]: Still running /home/sfs6562/OpenRAM/macro/dcache_data_ram/tmp/run_ext.sh (1201 seconds)
[2023-12-22 13:01:29.305154] [openram.verify.run_script/run_script]: Still running /home/sfs6562/OpenRAM/macro/dcache_data_ram/tmp/run_ext.sh (1231 seconds)
[2023-12-22 13:01:59.336928] [openram.verify.run_script/run_script]: Still running /home/sfs6562/OpenRAM/macro/dcache_data_ram/tmp/run_ext.sh (1261 seconds)
[2023-12-22 13:02:29.372086] [openram.verify.run_script/run_script]: Still running /home/sfs6562/OpenRAM/macro/dcache_data_ram/tmp/run_ext.sh (1291 seconds)
[2023-12-22 13:02:59.403952] [openram.verify.run_script/run_script]: Still running /home/sfs6562/OpenRAM/macro/dcache_data_ram/tmp/run_ext.sh (1321 seconds)
[2023-12-22 13:03:29.439143] [openram.verify.run_script/run_script]: Still running /home/sfs6562/OpenRAM/macro/dcache_data_ram/tmp/run_ext.sh (1351 seconds)
[2023-12-22 13:03:59.471381] [openram.verify.run_script/run_script]: Still running /home/sfs6562/OpenRAM/macro/dcache_data_ram/tmp/run_ext.sh (1382 seconds)
[2023-12-22 13:04:29.506114] [openram.verify.run_script/run_script]: Still running /home/sfs6562/OpenRAM/macro/dcache_data_ram/tmp/run_ext.sh (1412 seconds)
[2023-12-22 13:04:59.539298] [openram.verify.run_script/run_script]: Still running /home/sfs6562/OpenRAM/macro/dcache_data_ram/tmp/run_ext.sh (1442 seconds)
[2023-12-22 13:05:29.570648] [openram.verify.run_script/run_script]: Still running /home/sfs6562/OpenRAM/macro/dcache_data_ram/tmp/run_ext.sh (1472 seconds)
[2023-12-22 13:05:59.599981] [openram.verify.run_script/run_script]: Still running /home/sfs6562/OpenRAM/macro/dcache_data_ram/tmp/run_ext.sh (1502 seconds)
[2023-12-22 13:06:29.635090] [openram.verify.run_script/run_script]: Still running /home/sfs6562/OpenRAM/macro/dcache_data_ram/tmp/run_ext.sh (1532 seconds)
[2023-12-22 13:06:59.666015] [openram.verify.run_script/run_script]: Still running /home/sfs6562/OpenRAM/macro/dcache_data_ram/tmp/run_ext.sh (1562 seconds)
[2023-12-22 13:07:29.699483] [openram.verify.run_script/run_script]: Still running /home/sfs6562/OpenRAM/macro/dcache_data_ram/tmp/run_ext.sh (1592 seconds)
[2023-12-22 13:07:59.730951] [openram.verify.run_script/run_script]: Still running /home/sfs6562/OpenRAM/macro/dcache_data_ram/tmp/run_ext.sh (1622 seconds)
[2023-12-22 13:08:29.764765] [openram.verify.run_script/run_script]: Still running /home/sfs6562/OpenRAM/macro/dcache_data_ram/tmp/run_ext.sh (1652 seconds)
[2023-12-22 13:08:59.796133] [openram.verify.run_script/run_script]: Still running /home/sfs6562/OpenRAM/macro/dcache_data_ram/tmp/run_ext.sh (1682 seconds)
[2023-12-22 13:09:29.830368] [openram.verify.run_script/run_script]: Still running /home/sfs6562/OpenRAM/macro/dcache_data_ram/tmp/run_ext.sh (1712 seconds)
[2023-12-22 13:09:59.860857] [openram.verify.run_script/run_script]: Still running /home/sfs6562/OpenRAM/macro/dcache_data_ram/tmp/run_ext.sh (1742 seconds)
[2023-12-22 13:10:29.896350] [openram.verify.run_script/run_script]: Still running /home/sfs6562/OpenRAM/macro/dcache_data_ram/tmp/run_ext.sh (1772 seconds)
[2023-12-22 13:10:59.927963] [openram.verify.run_script/run_script]: Still running /home/sfs6562/OpenRAM/macro/dcache_data_ram/tmp/run_ext.sh (1802 seconds)
[2023-12-22 13:11:29.962744] [openram.verify.run_script/run_script]: Still running /home/sfs6562/OpenRAM/macro/dcache_data_ram/tmp/run_ext.sh (1832 seconds)
[2023-12-22 13:11:59.995776] [openram.verify.run_script/run_script]: Still running /home/sfs6562/OpenRAM/macro/dcache_data_ram/tmp/run_ext.sh (1862 seconds)
[2023-12-22 13:12:30.032031] [openram.verify.run_script/run_script]: Still running /home/sfs6562/OpenRAM/macro/dcache_data_ram/tmp/run_ext.sh (1892 seconds)
[2023-12-22 13:13:00.063852] [openram.verify.run_script/run_script]: Still running /home/sfs6562/OpenRAM/macro/dcache_data_ram/tmp/run_ext.sh (1922 seconds)
[2023-12-22 13:13:30.097433] [openram.verify.run_script/run_script]: Still running /home/sfs6562/OpenRAM/macro/dcache_data_ram/tmp/run_ext.sh (1952 seconds)
[2023-12-22 13:14:00.128142] [openram.verify.run_script/run_script]: Still running /home/sfs6562/OpenRAM/macro/dcache_data_ram/tmp/run_ext.sh (1982 seconds)
[2023-12-22 13:14:30.161190] [openram.verify.run_script/run_script]: Still running /home/sfs6562/OpenRAM/macro/dcache_data_ram/tmp/run_ext.sh (2012 seconds)
[2023-12-22 13:15:00.192264] [openram.verify.run_script/run_script]: Still running /home/sfs6562/OpenRAM/macro/dcache_data_ram/tmp/run_ext.sh (2042 seconds)
[2023-12-22 13:15:30.227344] [openram.verify.run_script/run_script]: Still running /home/sfs6562/OpenRAM/macro/dcache_data_ram/tmp/run_ext.sh (2072 seconds)
[2023-12-22 13:16:00.259829] [openram.verify.run_script/run_script]: Still running /home/sfs6562/OpenRAM/macro/dcache_data_ram/tmp/run_ext.sh (2102 seconds)
[2023-12-22 13:16:30.294522] [openram.verify.run_script/run_script]: Still running /home/sfs6562/OpenRAM/macro/dcache_data_ram/tmp/run_ext.sh (2132 seconds)
[2023-12-22 13:17:00.326899] [openram.verify.run_script/run_script]: Still running /home/sfs6562/OpenRAM/macro/dcache_data_ram/tmp/run_ext.sh (2162 seconds)
[2023-12-22 13:17:30.360490] [openram.verify.run_script/run_script]: Still running /home/sfs6562/OpenRAM/macro/dcache_data_ram/tmp/run_ext.sh (2192 seconds)
[2023-12-22 13:18:00.391882] [openram.verify.run_script/run_script]: Still running /home/sfs6562/OpenRAM/macro/dcache_data_ram/tmp/run_ext.sh (2222 seconds)
[2023-12-22 13:18:30.425378] [openram.verify.run_script/run_script]: Still running /home/sfs6562/OpenRAM/macro/dcache_data_ram/tmp/run_ext.sh (2252 seconds)
[2023-12-22 13:19:00.456831] [openram.verify.run_script/run_script]: Still running /home/sfs6562/OpenRAM/macro/dcache_data_ram/tmp/run_ext.sh (2283 seconds)
[2023-12-22 13:19:30.492335] [openram.verify.run_script/run_script]: Still running /home/sfs6562/OpenRAM/macro/dcache_data_ram/tmp/run_ext.sh (2313 seconds)
[2023-12-22 13:20:00.523854] [openram.verify.run_script/run_script]: Still running /home/sfs6562/OpenRAM/macro/dcache_data_ram/tmp/run_ext.sh (2343 seconds)
[2023-12-22 13:20:30.558464] [openram.verify.run_script/run_script]: Still running /home/sfs6562/OpenRAM/macro/dcache_data_ram/tmp/run_ext.sh (2373 seconds)
[2023-12-22 13:21:00.589825] [openram.verify.run_script/run_script]: Still running /home/sfs6562/OpenRAM/macro/dcache_data_ram/tmp/run_ext.sh (2403 seconds)
[2023-12-22 13:21:30.624187] [openram.verify.run_script/run_script]: Still running /home/sfs6562/OpenRAM/macro/dcache_data_ram/tmp/run_ext.sh (2433 seconds)
[2023-12-22 13:22:00.655206] [openram.verify.run_script/run_script]: Still running /home/sfs6562/OpenRAM/macro/dcache_data_ram/tmp/run_ext.sh (2463 seconds)
[2023-12-22 13:22:30.690781] [openram.verify.run_script/run_script]: Still running /home/sfs6562/OpenRAM/macro/dcache_data_ram/tmp/run_ext.sh (2493 seconds)
[2023-12-22 13:23:00.723813] [openram.verify.run_script/run_script]: Still running /home/sfs6562/OpenRAM/macro/dcache_data_ram/tmp/run_ext.sh (2523 seconds)
[2023-12-22 13:23:30.759328] [openram.verify.run_script/run_script]: Still running /home/sfs6562/OpenRAM/macro/dcache_data_ram/tmp/run_ext.sh (2553 seconds)
[2023-12-22 13:24:00.789635] [openram.verify.run_script/run_script]: Still running /home/sfs6562/OpenRAM/macro/dcache_data_ram/tmp/run_ext.sh (2583 seconds)
[2023-12-22 13:24:30.822297] [openram.verify.run_script/run_script]: Still running /home/sfs6562/OpenRAM/macro/dcache_data_ram/tmp/run_ext.sh (2613 seconds)
[2023-12-22 13:25:00.853534] [openram.verify.run_script/run_script]: Still running /home/sfs6562/OpenRAM/macro/dcache_data_ram/tmp/run_ext.sh (2643 seconds)
[2023-12-22 13:25:30.885071] [openram.verify.run_script/run_script]: Still running /home/sfs6562/OpenRAM/macro/dcache_data_ram/tmp/run_ext.sh (2673 seconds)
[2023-12-22 13:26:00.915515] [openram.verify.run_script/run_script]: Still running /home/sfs6562/OpenRAM/macro/dcache_data_ram/tmp/run_ext.sh (2703 seconds)
[2023-12-22 13:26:30.950705] [openram.verify.run_script/run_script]: Still running /home/sfs6562/OpenRAM/macro/dcache_data_ram/tmp/run_ext.sh (2733 seconds)
[2023-12-22 13:27:00.982911] [openram.verify.run_script/run_script]: Still running /home/sfs6562/OpenRAM/macro/dcache_data_ram/tmp/run_ext.sh (2763 seconds)
[2023-12-22 13:27:31.015973] [openram.verify.run_script/run_script]: Still running /home/sfs6562/OpenRAM/macro/dcache_data_ram/tmp/run_ext.sh (2793 seconds)
[2023-12-22 13:27:41.039484] [openram.verify.magic/run_drc]: DRC Errors dcache_data_ram	0
[2023-12-22 13:28:11.089748] [openram.verify.run_script/run_script]: Still running /home/sfs6562/OpenRAM/macro/dcache_data_ram/tmp/run_lvs.sh (30 seconds)
[2023-12-22 13:28:30.164073] [openram.verify.magic/run_lvs]: dcache_data_ram	LVS matches
[2023-12-22 13:28:30.166048] ** Verification: 2854.2 seconds
[2023-12-22 13:28:30.167536] ** SRAM creation: 3701.8 seconds
[2023-12-22 13:28:30.168797] SP: Writing to /home/sfs6562/OpenRAM/macro/dcache_data_ram/dcache_data_ram.sp
[2023-12-22 13:28:30.262307] [openram.characterizer.functional/__init__]: Random seed for functional simulation: 1703273310260765946
[2023-12-22 13:28:30.645781] ** Spice writing: 0.5 seconds
[2023-12-22 13:28:30.646982] DELAY: Writing stimulus...
[2023-12-22 13:28:31.180005] [openram.characterizer.delay/create_sen_and_bitline_path_measures]: self.bl_name = xdcache_data_ram.xbank0.bl_0_63
[2023-12-22 13:28:31.194421] ** DELAY: 0.5 seconds
[2023-12-22 13:28:31.294017] GDS: Writing to /home/sfs6562/OpenRAM/macro/dcache_data_ram/dcache_data_ram.gds
[2023-12-22 13:28:31.993122] ** GDS: 0.7 seconds
[2023-12-22 13:28:31.994294] LEF: Writing to /home/sfs6562/OpenRAM/macro/dcache_data_ram/dcache_data_ram.lef
[2023-12-22 13:28:32.154416] ** LEF: 0.2 seconds
[2023-12-22 13:28:32.155710] LVS: Writing to /home/sfs6562/OpenRAM/macro/dcache_data_ram/dcache_data_ram.lvs.sp
[2023-12-22 13:28:32.567525] ** LVS writing: 0.4 seconds
[2023-12-22 13:28:32.568950] LIB: Characterizing... 
[2023-12-22 13:28:32.572093] [openram.characterizer.lib/prepare_tables]: Slews: [0.00125 0.005   0.04   ]
[2023-12-22 13:28:32.573729] [openram.characterizer.lib/prepare_tables]: Loads: [ 1.7225  6.89   27.56  ]
[2023-12-22 13:28:32.575124] [openram.characterizer.lib/prepare_tables]: self.load_slews : [(1.7225, 0.00125), (6.89, 0.00125), (27.56, 0.00125), (1.7225, 0.005), (6.89, 0.005), (27.56, 0.005), (1.7225, 0.04), (6.89, 0.04), (27.56, 0.04)]
[2023-12-22 13:28:32.576538] [openram.characterizer.lib/characterize_corners]: Characterizing corners: [('TT', 1.8, 25)]
[2023-12-22 13:28:32.578078] [openram.characterizer.lib/characterize_corners]: Corner: ('TT', 1.8, 25)
[2023-12-22 13:28:32.579693] [openram.characterizer.lib/characterize_corners]: Writing to /home/sfs6562/OpenRAM/macro/dcache_data_ram/dcache_data_ram_TT_1p8V_25C.lib
[2023-12-22 13:28:32.582309] WARNING: file elmore.py: line 45: In analytical mode, all ports have the timing of the first read port.

[2023-12-22 13:28:33.094075] [openram.characterizer.elmore/analytical_power]: Dynamic Power: 26170470149.929615 mW
[2023-12-22 13:28:33.096265] [openram.characterizer.elmore/analytical_power]: Leakage Power: 0.004954 mW
[2023-12-22 13:28:33.098052] [openram.characterizer.elmore/get_lib_values]: Slew, Load, Delay(ns), Slew(ns)
[2023-12-22 13:28:33.100022] [openram.characterizer.elmore/get_lib_values]: 0.00125, 1.7225, 0.2952487165178571, 0.00167765625
[2023-12-22 13:28:33.101588] [openram.characterizer.elmore/get_lib_values]: 0.00125, 6.89, 0.32431590401785715, 0.004584374999999999
[2023-12-22 13:28:33.103342] [openram.characterizer.elmore/get_lib_values]: 0.00125, 27.56, 0.44058465401785707, 0.016211249999999996
[2023-12-22 13:28:33.105026] [openram.characterizer.elmore/get_lib_values]: 0.005, 1.7225, 0.2952487165178571, 0.00167765625
[2023-12-22 13:28:33.106569] [openram.characterizer.elmore/get_lib_values]: 0.005, 6.89, 0.32431590401785715, 0.004584374999999999
[2023-12-22 13:28:33.108090] [openram.characterizer.elmore/get_lib_values]: 0.005, 27.56, 0.44058465401785707, 0.016211249999999996
[2023-12-22 13:28:33.110453] [openram.characterizer.elmore/get_lib_values]: 0.04, 1.7225, 0.2952487165178571, 0.00167765625
[2023-12-22 13:28:33.112064] [openram.characterizer.elmore/get_lib_values]: 0.04, 6.89, 0.32431590401785715, 0.004584374999999999
[2023-12-22 13:28:33.113572] [openram.characterizer.elmore/get_lib_values]: 0.04, 27.56, 0.44058465401785707, 0.016211249999999996
[2023-12-22 13:28:33.134771] ** Characterization: 0.6 seconds
[2023-12-22 13:28:33.139390] Config: Writing to /home/sfs6562/OpenRAM/macro/dcache_data_ram/dcache_data_ram.py
[2023-12-22 13:28:33.140685] ** Config: 0.0 seconds
[2023-12-22 13:28:33.148141] Datasheet: Writing to /home/sfs6562/OpenRAM/macro/dcache_data_ram/dcache_data_ram.html
[2023-12-22 13:28:33.157333] ** Datasheet: 0.0 seconds
[2023-12-22 13:28:33.159184] Verilog: Writing to /home/sfs6562/OpenRAM/macro/dcache_data_ram/dcache_data_ram.v
[2023-12-22 13:28:33.162273] ** Verilog: 0.0 seconds
[2023-12-22 13:28:33.164520] [openram.globals/cleanup_paths]: Preserving temp directory: /home/sfs6562/OpenRAM/macro/dcache_data_ram/tmp/
[2023-12-22 13:28:33.166207] [openram.verify.magic/print_drc_stats]: DRC runs: 1
[2023-12-22 13:28:33.167786] [openram.verify.magic/print_lvs_stats]: LVS runs: 1
[2023-12-22 13:28:33.169169] [openram.verify.magic/print_pex_stats]: PEX runs: 0
[2023-12-22 13:28:33.170533] ** End: 3704.9 seconds
